<?xml version="1.0" encoding="UTF-8"?>
<coverage generated="1780856134370" clover="3.2.0">
  <project timestamp="1780856134372" name="All files">
    <metrics statements="326" coveredstatements="291" conditionals="192" coveredconditionals="177" methods="110" coveredmethods="91" elements="628" coveredelements="559" complexity="0" loc="326" ncloc="326" packages="3" files="11" classes="11"/>
    <package name="src">
      <metrics statements="86" coveredstatements="61" conditionals="40" coveredconditionals="31" methods="27" coveredmethods="15"/>
      <file name="App.jsx" path="/Users/pat/Documents/RecipeBook/client/src/App.jsx">
        <metrics statements="86" coveredstatements="61" conditionals="40" coveredconditionals="31" methods="27" coveredmethods="15"/>
        <line num="11" count="1" type="stmt"/>
        <line num="12" count="80" type="stmt"/>
        <line num="13" count="80" type="stmt"/>
        <line num="14" count="80" type="stmt"/>
        <line num="15" count="80" type="stmt"/>
        <line num="21" count="80" type="stmt"/>
        <line num="22" count="80" type="stmt"/>
        <line num="24" count="80" type="stmt"/>
        <line num="25" count="21" type="stmt"/>
        <line num="26" count="21" type="stmt"/>
        <line num="27" count="21" type="cond" truecount="4" falsecount="0"/>
        <line num="28" count="15" type="stmt"/>
        <line num="29" count="15" type="stmt"/>
        <line num="31" count="21" type="stmt"/>
        <line num="34" count="80" type="stmt"/>
        <line num="35" count="40" type="cond" truecount="2" falsecount="0"/>
        <line num="36" count="17" type="stmt"/>
        <line num="40" count="80" type="stmt"/>
        <line num="41" count="38" type="stmt"/>
        <line num="42" count="38" type="stmt"/>
        <line num="43" count="38" type="stmt"/>
        <line num="45" count="0" type="stmt"/>
        <line num="46" count="0" type="stmt"/>
        <line num="50" count="80" type="stmt"/>
        <line num="51" count="2" type="stmt"/>
        <line num="52" count="2" type="stmt"/>
        <line num="53" count="2" type="stmt"/>
        <line num="56" count="80" type="stmt"/>
        <line num="57" count="2" type="stmt"/>
        <line num="58" count="2" type="stmt"/>
        <line num="59" count="2" type="stmt"/>
        <line num="60" count="2" type="stmt"/>
        <line num="63" count="80" type="stmt"/>
        <line num="64" count="2" type="stmt"/>
        <line num="65" count="2" type="stmt"/>
        <line num="66" count="2" type="stmt"/>
        <line num="67" count="2" type="stmt"/>
        <line num="68" count="2" type="stmt"/>
        <line num="70" count="0" type="stmt"/>
        <line num="71" count="0" type="stmt"/>
        <line num="75" count="80" type="stmt"/>
        <line num="76" count="2" type="stmt"/>
        <line num="77" count="2" type="stmt"/>
        <line num="78" count="2" type="stmt"/>
        <line num="80" count="0" type="stmt"/>
        <line num="81" count="0" type="stmt"/>
        <line num="85" count="80" type="stmt"/>
        <line num="86" count="1" type="stmt"/>
        <line num="87" count="1" type="cond" truecount="1" falsecount="1"/>
        <line num="88" count="0" type="stmt"/>
        <line num="90" count="1" type="stmt"/>
        <line num="91" count="1" type="stmt"/>
        <line num="95" count="80" type="stmt"/>
        <line num="96" count="0" type="stmt"/>
        <line num="97" count="0" type="cond" truecount="0" falsecount="2"/>
        <line num="98" count="0" type="stmt"/>
        <line num="100" count="0" type="cond" truecount="0" falsecount="2"/>
        <line num="101" count="0" type="stmt"/>
        <line num="102" count="0" type="stmt"/>
        <line num="103" count="0" type="stmt"/>
        <line num="104" count="0" type="stmt"/>
        <line num="109" count="0" type="cond" truecount="0" falsecount="2"/>
        <line num="110" count="0" type="stmt"/>
        <line num="111" count="0" type="stmt"/>
        <line num="112" count="0" type="stmt"/>
        <line num="113" count="0" type="stmt"/>
        <line num="118" count="0" type="cond" truecount="0" falsecount="2"/>
        <line num="119" count="0" type="stmt"/>
        <line num="120" count="0" type="stmt"/>
        <line num="122" count="0" type="stmt"/>
        <line num="125" count="80" type="cond" truecount="2" falsecount="0"/>
        <line num="126" count="2" type="stmt"/>
        <line num="129" count="78" type="cond" truecount="2" falsecount="0"/>
        <line num="130" count="2" type="stmt"/>
        <line num="133" count="76" type="cond" truecount="2" falsecount="0"/>
        <line num="134" count="19" type="stmt"/>
        <line num="141" count="57" type="cond" truecount="2" falsecount="0"/>
        <line num="142" count="6" type="stmt"/>
        <line num="145" count="51" type="stmt"/>
        <line num="167" count="1" type="stmt"/>
        <line num="179" count="5" type="stmt"/>
        <line num="191" count="1" type="stmt"/>
        <line num="207" count="3" type="stmt"/>
        <line num="221" count="1" type="stmt"/>
        <line num="222" count="2" type="cond" truecount="2" falsecount="0"/>
        <line num="234" count="0" type="stmt"/>
      </file>
    </package>
    <package name="src.components">
      <metrics statements="183" coveredstatements="174" conditionals="127" coveredconditionals="122" methods="73" coveredmethods="66"/>
      <file name="AuthForm.jsx" path="/Users/pat/Documents/RecipeBook/client/src/components/AuthForm.jsx">
        <metrics statements="32" coveredstatements="32" conditionals="24" coveredconditionals="24" methods="9" coveredmethods="9"/>
        <line num="6" count="1" type="stmt"/>
        <line num="7" count="290" type="stmt"/>
        <line num="8" count="290" type="stmt"/>
        <line num="9" count="290" type="stmt"/>
        <line num="10" count="290" type="stmt"/>
        <line num="11" count="290" type="stmt"/>
        <line num="12" count="290" type="stmt"/>
        <line num="13" count="290" type="stmt"/>
        <line num="14" count="290" type="stmt"/>
        <line num="16" count="290" type="stmt"/>
        <line num="17" count="11" type="stmt"/>
        <line num="18" count="11" type="stmt"/>
        <line num="19" count="11" type="stmt"/>
        <line num="21" count="11" type="stmt"/>
        <line num="22" count="11" type="cond" truecount="2" falsecount="0"/>
        <line num="27" count="6" type="cond" truecount="2" falsecount="0"/>
        <line num="28" count="3" type="stmt"/>
        <line num="30" count="3" type="stmt"/>
        <line num="31" count="3" type="stmt"/>
        <line num="34" count="4" type="stmt"/>
        <line num="36" count="10" type="stmt"/>
        <line num="40" count="290" type="cond" truecount="2" falsecount="0"/>
        <line num="41" count="3" type="stmt"/>
        <line num="55" count="287" type="cond" truecount="2" falsecount="0"/>
        <line num="56" count="2" type="stmt"/>
        <line num="59" count="285" type="stmt"/>
        <line num="71" count="1" type="stmt"/>
        <line num="81" count="9" type="stmt"/>
        <line num="100" count="102" type="stmt"/>
        <line num="115" count="127" type="stmt"/>
        <line num="122" count="3" type="stmt"/>
        <line num="134" count="2" type="stmt"/>
      </file>
      <file name="ForgotPassword.jsx" path="/Users/pat/Documents/RecipeBook/client/src/components/ForgotPassword.jsx">
        <metrics statements="18" coveredstatements="18" conditionals="6" coveredconditionals="6" methods="3" coveredmethods="3"/>
        <line num="5" count="1" type="stmt"/>
        <line num="6" count="74" type="stmt"/>
        <line num="7" count="74" type="stmt"/>
        <line num="8" count="74" type="stmt"/>
        <line num="9" count="74" type="stmt"/>
        <line num="11" count="74" type="stmt"/>
        <line num="12" count="7" type="stmt"/>
        <line num="13" count="7" type="stmt"/>
        <line num="14" count="7" type="stmt"/>
        <line num="16" count="7" type="stmt"/>
        <line num="17" count="7" type="stmt"/>
        <line num="21" count="4" type="stmt"/>
        <line num="23" count="2" type="stmt"/>
        <line num="25" count="6" type="stmt"/>
        <line num="29" count="74" type="cond" truecount="2" falsecount="0"/>
        <line num="30" count="4" type="stmt"/>
        <line num="47" count="70" type="stmt"/>
        <line num="62" count="49" type="stmt"/>
      </file>
      <file name="RecipeCard.jsx" path="/Users/pat/Documents/RecipeBook/client/src/components/RecipeCard.jsx">
        <metrics statements="4" coveredstatements="4" conditionals="2" coveredconditionals="2" methods="3" coveredmethods="3"/>
        <line num="4" count="2" type="stmt"/>
        <line num="5" count="9" type="stmt"/>
        <line num="30" count="2" type="stmt"/>
        <line num="36" count="1" type="stmt"/>
      </file>
      <file name="RecipeForm.jsx" path="/Users/pat/Documents/RecipeBook/client/src/components/RecipeForm.jsx">
        <metrics statements="36" coveredstatements="29" conditionals="42" coveredconditionals="38" methods="22" coveredmethods="17"/>
        <line num="5" count="1" type="stmt"/>
        <line num="7" count="74" type="stmt"/>
        <line num="17" count="74" type="cond" truecount="1" falsecount="1"/>
        <line num="18" count="74" type="stmt"/>
        <line num="20" count="74" type="stmt"/>
        <line num="22" count="74" type="stmt"/>
        <line num="23" count="74" type="cond" truecount="4" falsecount="0"/>
        <line num="24" count="61" type="stmt"/>
        <line num="26" count="39" type="stmt"/>
        <line num="31" count="74" type="stmt"/>
        <line num="32" count="0" type="stmt"/>
        <line num="33" count="0" type="stmt"/>
        <line num="34" count="0" type="stmt"/>
        <line num="37" count="74" type="stmt"/>
        <line num="38" count="2" type="stmt"/>
        <line num="41" count="74" type="stmt"/>
        <line num="42" count="1" type="stmt"/>
        <line num="44" count="2" type="stmt"/>
        <line num="48" count="74" type="stmt"/>
        <line num="49" count="5" type="stmt"/>
        <line num="52" count="74" type="stmt"/>
        <line num="54" count="74" type="stmt"/>
        <line num="65" count="4" type="stmt"/>
        <line num="74" count="11" type="stmt"/>
        <line num="86" count="8" type="stmt"/>
        <line num="93" count="2" type="stmt"/>
        <line num="116" count="13" type="stmt"/>
        <line num="130" count="0" type="stmt"/>
        <line num="141" count="0" type="stmt"/>
        <line num="154" count="444" type="stmt"/>
        <line num="156" count="2" type="cond" truecount="4" falsecount="0"/>
        <line num="180" count="105" type="stmt"/>
        <line num="188" count="50" type="stmt"/>
        <line num="192" count="0" type="stmt"/>
        <line num="199" count="1" type="stmt"/>
        <line num="227" count="0" type="stmt"/>
      </file>
      <file name="RecipeList.jsx" path="/Users/pat/Documents/RecipeBook/client/src/components/RecipeList.jsx">
        <metrics statements="5" coveredstatements="5" conditionals="2" coveredconditionals="2" methods="2" coveredmethods="2"/>
        <line num="5" count="1" type="stmt"/>
        <line num="6" count="4" type="cond" truecount="2" falsecount="0"/>
        <line num="7" count="1" type="stmt"/>
        <line num="14" count="3" type="stmt"/>
        <line num="17" count="5" type="stmt"/>
      </file>
      <file name="RecipePicker.jsx" path="/Users/pat/Documents/RecipeBook/client/src/components/RecipePicker.jsx">
        <metrics statements="42" coveredstatements="40" conditionals="27" coveredconditionals="26" methods="24" coveredmethods="22"/>
        <line num="4" count="1" type="stmt"/>
        <line num="5" count="63" type="stmt"/>
        <line num="6" count="63" type="stmt"/>
        <line num="7" count="63" type="stmt"/>
        <line num="8" count="63" type="stmt"/>
        <line num="10" count="63" type="stmt"/>
        <line num="11" count="8" type="stmt"/>
        <line num="12" count="8" type="cond" truecount="2" falsecount="0"/>
        <line num="13" count="6" type="stmt"/>
        <line num="14" count="6" type="stmt"/>
        <line num="18" count="63" type="stmt"/>
        <line num="19" count="3" type="cond" truecount="2" falsecount="0"/>
        <line num="20" count="2" type="stmt"/>
        <line num="24" count="2" type="stmt"/>
        <line num="28" count="63" type="stmt"/>
        <line num="29" count="1" type="stmt"/>
        <line num="31" count="2" type="stmt"/>
        <line num="35" count="63" type="stmt"/>
        <line num="36" count="3" type="cond" truecount="2" falsecount="0"/>
        <line num="37" count="2" type="stmt"/>
        <line num="41" count="2" type="stmt"/>
        <line num="45" count="63" type="stmt"/>
        <line num="46" count="1" type="stmt"/>
        <line num="48" count="2" type="stmt"/>
        <line num="52" count="63" type="stmt"/>
        <line num="71" count="0" type="stmt"/>
        <line num="84" count="441" type="stmt"/>
        <line num="86" count="2" type="stmt"/>
        <line num="105" count="15" type="stmt"/>
        <line num="106" count="16" type="cond" truecount="2" falsecount="0"/>
        <line num="120" count="3" type="stmt"/>
        <line num="122" count="1" type="stmt"/>
        <line num="137" count="13" type="stmt"/>
        <line num="138" count="14" type="cond" truecount="2" falsecount="0"/>
        <line num="152" count="3" type="stmt"/>
        <line num="154" count="1" type="stmt"/>
        <line num="178" count="1" type="stmt"/>
        <line num="182" count="2" type="stmt"/>
        <line num="186" count="0" type="stmt"/>
        <line num="215" count="18" type="stmt"/>
        <line num="226" count="1" type="stmt"/>
        <line num="227" count="1" type="stmt"/>
      </file>
      <file name="ResetPassword.jsx" path="/Users/pat/Documents/RecipeBook/client/src/components/ResetPassword.jsx">
        <metrics statements="30" coveredstatements="30" conditionals="18" coveredconditionals="18" methods="6" coveredmethods="6"/>
        <line num="5" count="1" type="stmt"/>
        <line num="6" count="282" type="stmt"/>
        <line num="7" count="282" type="stmt"/>
        <line num="8" count="282" type="stmt"/>
        <line num="9" count="282" type="stmt"/>
        <line num="10" count="282" type="stmt"/>
        <line num="11" count="282" type="stmt"/>
        <line num="12" count="282" type="stmt"/>
        <line num="14" count="282" type="stmt"/>
        <line num="16" count="282" type="stmt"/>
        <line num="17" count="9" type="stmt"/>
        <line num="18" count="9" type="stmt"/>
        <line num="20" count="9" type="cond" truecount="2" falsecount="0"/>
        <line num="21" count="1" type="stmt"/>
        <line num="22" count="1" type="stmt"/>
        <line num="25" count="8" type="stmt"/>
        <line num="27" count="8" type="stmt"/>
        <line num="28" count="8" type="stmt"/>
        <line num="32" count="5" type="stmt"/>
        <line num="34" count="2" type="stmt"/>
        <line num="36" count="7" type="stmt"/>
        <line num="40" count="282" type="cond" truecount="2" falsecount="0"/>
        <line num="41" count="3" type="stmt"/>
        <line num="58" count="279" type="cond" truecount="2" falsecount="0"/>
        <line num="59" count="5" type="stmt"/>
        <line num="76" count="274" type="stmt"/>
        <line num="92" count="120" type="stmt"/>
        <line num="99" count="1" type="stmt"/>
        <line num="113" count="126" type="stmt"/>
        <line num="120" count="2" type="stmt"/>
      </file>
      <file name="VerifyEmail.jsx" path="/Users/pat/Documents/RecipeBook/client/src/components/VerifyEmail.jsx">
        <metrics statements="16" coveredstatements="16" conditionals="6" coveredconditionals="6" methods="4" coveredmethods="4"/>
        <line num="5" count="1" type="stmt"/>
        <line num="6" count="24" type="stmt"/>
        <line num="8" count="24" type="stmt"/>
        <line num="9" count="13" type="stmt"/>
        <line num="10" count="13" type="stmt"/>
        <line num="12" count="13" type="cond" truecount="2" falsecount="0"/>
        <line num="13" count="4" type="stmt"/>
        <line num="14" count="4" type="stmt"/>
        <line num="17" count="9" type="stmt"/>
        <line num="18" count="3" type="stmt"/>
        <line num="19" count="4" type="stmt"/>
        <line num="22" count="24" type="cond" truecount="2" falsecount="0"/>
        <line num="23" count="13" type="stmt"/>
        <line num="33" count="11" type="cond" truecount="2" falsecount="0"/>
        <line num="34" count="8" type="stmt"/>
        <line num="51" count="3" type="stmt"/>
      </file>
    </package>
    <package name="src.utils">
      <metrics statements="57" coveredstatements="56" conditionals="25" coveredconditionals="24" methods="10" coveredmethods="10"/>
      <file name="portionCalculator.js" path="/Users/pat/Documents/RecipeBook/client/src/utils/portionCalculator.js">
        <metrics statements="25" coveredstatements="24" conditionals="10" coveredconditionals="9" methods="6" coveredmethods="6"/>
        <line num="9" count="2" type="stmt"/>
        <line num="10" count="84" type="stmt"/>
        <line num="13" count="84" type="stmt"/>
        <line num="15" count="84" type="stmt"/>
        <line num="19" count="81" type="cond" truecount="2" falsecount="0"/>
        <line num="20" count="6" type="stmt"/>
        <line num="21" count="6" type="stmt"/>
        <line num="23" count="75" type="stmt"/>
        <line num="26" count="81" type="stmt"/>
        <line num="29" count="81" type="cond" truecount="2" falsecount="0"/>
        <line num="30" count="54" type="stmt"/>
        <line num="31" count="27" type="cond" truecount="2" falsecount="0"/>
        <line num="33" count="13" type="cond" truecount="1" falsecount="1"/>
        <line num="36" count="14" type="stmt"/>
        <line num="46" count="2" type="stmt"/>
        <line num="47" count="13" type="stmt"/>
        <line num="56" count="13" type="stmt"/>
        <line num="57" count="40" type="cond" truecount="2" falsecount="0"/>
        <line num="58" count="13" type="stmt"/>
        <line num="61" count="0" type="stmt"/>
        <line num="70" count="2" type="stmt"/>
        <line num="71" count="14" type="stmt"/>
        <line num="82" count="2" type="stmt"/>
        <line num="83" count="5" type="stmt"/>
        <line num="84" count="11" type="stmt"/>
      </file>
      <file name="storage.js" path="/Users/pat/Documents/RecipeBook/client/src/utils/storage.js">
        <metrics statements="32" coveredstatements="32" conditionals="15" coveredconditionals="15" methods="4" coveredmethods="4"/>
        <line num="3" count="1" type="stmt"/>
        <line num="4" count="2" type="stmt"/>
        <line num="5" count="2" type="stmt"/>
        <line num="6" count="1" type="stmt"/>
        <line num="8" count="1" type="stmt"/>
        <line num="9" count="1" type="stmt"/>
        <line num="13" count="1" type="stmt"/>
        <line num="14" count="8" type="stmt"/>
        <line num="15" count="8" type="cond" truecount="5" falsecount="0"/>
        <line num="16" count="5" type="stmt"/>
        <line num="19" count="3" type="cond" truecount="2" falsecount="0"/>
        <line num="20" count="1" type="stmt"/>
        <line num="24" count="1" type="stmt"/>
        <line num="26" count="2" type="stmt"/>
        <line num="30" count="1" type="stmt"/>
        <line num="33" count="6" type="stmt"/>
        <line num="34" count="6" type="stmt"/>
        <line num="38" count="1" type="stmt"/>
        <line num="39" count="6" type="stmt"/>
        <line num="40" count="6" type="cond" truecount="4" falsecount="0"/>
        <line num="41" count="4" type="stmt"/>
        <line num="44" count="2" type="stmt"/>
        <line num="48" count="5" type="stmt"/>
        <line num="49" count="5" type="stmt"/>
        <line num="53" count="1" type="stmt"/>
        <line num="54" count="6" type="cond" truecount="4" falsecount="0"/>
        <line num="55" count="4" type="stmt"/>
        <line num="58" count="2" type="stmt"/>
        <line num="59" count="2" type="stmt"/>
        <line num="60" count="1" type="stmt"/>
        <line num="62" count="1" type="stmt"/>
        <line num="63" count="1" type="stmt"/>
      </file>
    </package>
  </project>
</coverage>
