{"/Users/pat/Documents/RecipeBook/client/src/App.jsx": {"path":"/Users/pat/Documents/RecipeBook/client/src/App.jsx","statementMap":{"0":{"start":{"line":11,"column":6},"end":{"line":238,"column":null}},"1":{"start":{"line":12,"column":18},"end":{"line":12,"column":44}},"2":{"start":{"line":13,"column":15},"end":{"line":13,"column":42}},"3":{"start":{"line":14,"column":24},"end":{"line":14,"column":58}},"4":{"start":{"line":15,"column":24},"end":{"line":20,"column":4}},"5":{"start":{"line":21,"column":15},"end":{"line":21,"column":40}},"6":{"start":{"line":22,"column":22},"end":{"line":22,"column":54}},"7":{"start":{"line":24,"column":2},"end":{"line":32,"column":null}},"8":{"start":{"line":25,"column":18},"end":{"line":25,"column":47}},"9":{"start":{"line":26,"column":22},"end":{"line":26,"column":50}},"10":{"start":{"line":27,"column":4},"end":{"line":29,"column":null}},"11":{"start":{"line":28,"column":6},"end":{"line":28,"column":null}},"12":{"start":{"line":29,"column":6},"end":{"line":29,"column":null}},"13":{"start":{"line":31,"column":4},"end":{"line":31,"column":null}},"14":{"start":{"line":34,"column":2},"end":{"line":38,"column":null}},"15":{"start":{"line":35,"column":4},"end":{"line":36,"column":null}},"16":{"start":{"line":36,"column":6},"end":{"line":36,"column":null}},"17":{"start":{"line":40,"column":22},"end":{"line":46,"column":null}},"18":{"start":{"line":41,"column":4},"end":{"line":46,"column":null}},"19":{"start":{"line":42,"column":22},"end":{"line":42,"column":44}},"20":{"start":{"line":43,"column":6},"end":{"line":43,"column":null}},"21":{"start":{"line":45,"column":6},"end":{"line":45,"column":null}},"22":{"start":{"line":46,"column":6},"end":{"line":46,"column":null}},"23":{"start":{"line":50,"column":8},"end":{"line":53,"column":null}},"24":{"start":{"line":51,"column":4},"end":{"line":51,"column":null}},"25":{"start":{"line":52,"column":4},"end":{"line":52,"column":null}},"26":{"start":{"line":53,"column":4},"end":{"line":53,"column":null}},"27":{"start":{"line":56,"column":8},"end":{"line":60,"column":null}},"28":{"start":{"line":57,"column":4},"end":{"line":57,"column":null}},"29":{"start":{"line":58,"column":4},"end":{"line":58,"column":null}},"30":{"start":{"line":59,"column":4},"end":{"line":59,"column":null}},"31":{"start":{"line":60,"column":4},"end":{"line":60,"column":null}},"32":{"start":{"line":63,"column":21},"end":{"line":71,"column":null}},"33":{"start":{"line":64,"column":4},"end":{"line":71,"column":null}},"34":{"start":{"line":65,"column":6},"end":{"line":65,"column":null}},"35":{"start":{"line":66,"column":6},"end":{"line":66,"column":null}},"36":{"start":{"line":67,"column":6},"end":{"line":67,"column":null}},"37":{"start":{"line":68,"column":6},"end":{"line":68,"column":null}},"38":{"start":{"line":70,"column":6},"end":{"line":70,"column":null}},"39":{"start":{"line":71,"column":6},"end":{"line":71,"column":null}},"40":{"start":{"line":75,"column":23},"end":{"line":81,"column":null}},"41":{"start":{"line":76,"column":4},"end":{"line":81,"column":null}},"42":{"start":{"line":77,"column":6},"end":{"line":77,"column":null}},"43":{"start":{"line":78,"column":6},"end":{"line":78,"column":null}},"44":{"start":{"line":80,"column":6},"end":{"line":80,"column":null}},"45":{"start":{"line":81,"column":6},"end":{"line":81,"column":null}},"46":{"start":{"line":85,"column":8},"end":{"line":91,"column":null}},"47":{"start":{"line":86,"column":22},"end":{"line":86,"column":null}},"48":{"start":{"line":87,"column":4},"end":{"line":91,"column":null}},"49":{"start":{"line":88,"column":6},"end":{"line":88,"column":null}},"50":{"start":{"line":90,"column":6},"end":{"line":90,"column":null}},"51":{"start":{"line":91,"column":6},"end":{"line":91,"column":null}},"52":{"start":{"line":95,"column":8},"end":{"line":122,"column":null}},"53":{"start":{"line":96,"column":19},"end":{"line":96,"column":71}},"54":{"start":{"line":96,"column":39},"end":{"line":96,"column":71}},"55":{"start":{"line":97,"column":4},"end":{"line":98,"column":null}},"56":{"start":{"line":98,"column":6},"end":{"line":98,"column":null}},"57":{"start":{"line":98,"column":38},"end":{"line":98,"column":68}},"58":{"start":{"line":100,"column":4},"end":{"line":107,"column":null}},"59":{"start":{"line":101,"column":6},"end":{"line":107,"column":null}},"60":{"start":{"line":102,"column":8},"end":{"line":105,"column":null}},"61":{"start":{"line":103,"column":10},"end":{"line":104,"column":null}},"62":{"start":{"line":104,"column":12},"end":{"line":104,"column":63}},"63":{"start":{"line":109,"column":4},"end":{"line":116,"column":null}},"64":{"start":{"line":110,"column":6},"end":{"line":116,"column":null}},"65":{"start":{"line":111,"column":8},"end":{"line":114,"column":null}},"66":{"start":{"line":112,"column":10},"end":{"line":113,"column":null}},"67":{"start":{"line":113,"column":12},"end":{"line":113,"column":61}},"68":{"start":{"line":118,"column":4},"end":{"line":120,"column":null}},"69":{"start":{"line":119,"column":6},"end":{"line":119,"column":null}},"70":{"start":{"line":120,"column":6},"end":{"line":120,"column":null}},"71":{"start":{"line":122,"column":4},"end":{"line":122,"column":null}},"72":{"start":{"line":125,"column":2},"end":{"line":126,"column":null}},"73":{"start":{"line":126,"column":4},"end":{"line":126,"column":null}},"74":{"start":{"line":126,"column":42},"end":{"line":126,"column":72}},"75":{"start":{"line":129,"column":2},"end":{"line":130,"column":null}},"76":{"start":{"line":130,"column":4},"end":{"line":130,"column":null}},"77":{"start":{"line":130,"column":44},"end":{"line":130,"column":74}},"78":{"start":{"line":133,"column":2},"end":{"line":137,"column":null}},"79":{"start":{"line":134,"column":4},"end":{"line":137,"column":null}},"80":{"start":{"line":141,"column":2},"end":{"line":142,"column":null}},"81":{"start":{"line":142,"column":4},"end":{"line":142,"column":null}},"82":{"start":{"line":145,"column":2},"end":{"line":238,"column":null}},"83":{"start":{"line":167,"column":27},"end":{"line":167,"column":42}},"84":{"start":{"line":179,"column":29},"end":{"line":179,"column":51}},"85":{"start":{"line":179,"column":51},"end":{"line":179,"column":null}},"86":{"start":{"line":191,"column":27},"end":{"line":191,"column":44}},"87":{"start":{"line":207,"column":40},"end":{"line":207,"column":66}},"88":{"start":{"line":207,"column":66},"end":{"line":207,"column":null}},"89":{"start":{"line":221,"column":32},"end":{"line":221,"column":56}},"90":{"start":{"line":221,"column":56},"end":{"line":221,"column":null}},"91":{"start":{"line":222,"column":52},"end":{"line":222,"column":84}},"92":{"start":{"line":222,"column":84},"end":{"line":222,"column":105}},"93":{"start":{"line":234,"column":40},"end":{"line":234,"column":66}},"94":{"start":{"line":234,"column":66},"end":{"line":234,"column":null}}},"fnMap":{"0":{"name":"(anonymous_0)","decl":{"start":{"line":11,"column":6},"end":{"line":11,"column":18}},"loc":{"start":{"line":11,"column":18},"end":{"line":238,"column":null}},"line":11},"1":{"name":"(anonymous_1)","decl":{"start":{"line":24,"column":2},"end":{"line":24,"column":18}},"loc":{"start":{"line":24,"column":18},"end":{"line":32,"column":7}},"line":24},"2":{"name":"(anonymous_2)","decl":{"start":{"line":34,"column":2},"end":{"line":34,"column":18}},"loc":{"start":{"line":34,"column":18},"end":{"line":38,"column":6}},"line":34},"3":{"name":"(anonymous_3)","decl":{"start":{"line":40,"column":22},"end":{"line":40,"column":34}},"loc":{"start":{"line":40,"column":34},"end":{"line":46,"column":null}},"line":40},"4":{"name":"(anonymous_4)","decl":{"start":{"line":50,"column":8},"end":{"line":50,"column":23}},"loc":{"start":{"line":50,"column":36},"end":{"line":53,"column":null}},"line":50},"5":{"name":"(anonymous_5)","decl":{"start":{"line":56,"column":8},"end":{"line":56,"column":29}},"loc":{"start":{"line":56,"column":29},"end":{"line":60,"column":null}},"line":56},"6":{"name":"(anonymous_6)","decl":{"start":{"line":63,"column":21},"end":{"line":63,"column":28}},"loc":{"start":{"line":63,"column":39},"end":{"line":71,"column":null}},"line":63},"7":{"name":"(anonymous_7)","decl":{"start":{"line":75,"column":23},"end":{"line":75,"column":30}},"loc":{"start":{"line":75,"column":37},"end":{"line":81,"column":null}},"line":75},"8":{"name":"(anonymous_8)","decl":{"start":{"line":85,"column":8},"end":{"line":85,"column":23}},"loc":{"start":{"line":85,"column":34},"end":{"line":91,"column":null}},"line":85},"9":{"name":"(anonymous_9)","decl":{"start":{"line":95,"column":8},"end":{"line":95,"column":33}},"loc":{"start":{"line":95,"column":33},"end":{"line":122,"column":null}},"line":95},"10":{"name":"(anonymous_10)","decl":{"start":{"line":96,"column":27},"end":{"line":96,"column":34}},"loc":{"start":{"line":96,"column":39},"end":{"line":96,"column":71}},"line":96},"11":{"name":"(anonymous_11)","decl":{"start":{"line":98,"column":26},"end":{"line":98,"column":33}},"loc":{"start":{"line":98,"column":38},"end":{"line":98,"column":68}},"line":98},"12":{"name":"(anonymous_12)","decl":{"start":{"line":101,"column":26},"end":{"line":101,"column":33}},"loc":{"start":{"line":102,"column":8},"end":{"line":105,"column":null}},"line":102},"13":{"name":"(anonymous_13)","decl":{"start":{"line":102,"column":43},"end":{"line":102,"column":49}},"loc":{"start":{"line":103,"column":10},"end":{"line":104,"column":null}},"line":103},"14":{"name":"(anonymous_14)","decl":{"start":{"line":103,"column":24},"end":{"line":103,"column":29}},"loc":{"start":{"line":104,"column":12},"end":{"line":104,"column":63}},"line":104},"15":{"name":"(anonymous_15)","decl":{"start":{"line":110,"column":26},"end":{"line":110,"column":33}},"loc":{"start":{"line":111,"column":8},"end":{"line":114,"column":null}},"line":111},"16":{"name":"(anonymous_16)","decl":{"start":{"line":111,"column":23},"end":{"line":111,"column":28}},"loc":{"start":{"line":112,"column":10},"end":{"line":113,"column":null}},"line":112},"17":{"name":"(anonymous_17)","decl":{"start":{"line":112,"column":43},"end":{"line":112,"column":48}},"loc":{"start":{"line":113,"column":12},"end":{"line":113,"column":61}},"line":113},"18":{"name":"(anonymous_18)","decl":{"start":{"line":126,"column":24},"end":{"line":126,"column":42}},"loc":{"start":{"line":126,"column":42},"end":{"line":126,"column":72}},"line":126},"19":{"name":"(anonymous_19)","decl":{"start":{"line":130,"column":26},"end":{"line":130,"column":44}},"loc":{"start":{"line":130,"column":44},"end":{"line":130,"column":74}},"line":130},"20":{"name":"(anonymous_20)","decl":{"start":{"line":167,"column":12},"end":{"line":167,"column":27}},"loc":{"start":{"line":167,"column":27},"end":{"line":167,"column":42}},"line":167},"21":{"name":"(anonymous_21)","decl":{"start":{"line":179,"column":12},"end":{"line":179,"column":27}},"loc":{"start":{"line":179,"column":27},"end":{"line":179,"column":null}},"line":179},"22":{"name":"(anonymous_22)","decl":{"start":{"line":191,"column":12},"end":{"line":191,"column":27}},"loc":{"start":{"line":191,"column":27},"end":{"line":191,"column":44}},"line":191},"23":{"name":"(anonymous_23)","decl":{"start":{"line":207,"column":12},"end":{"line":207,"column":27}},"loc":{"start":{"line":207,"column":38},"end":{"line":207,"column":null}},"line":207},"24":{"name":"(anonymous_24)","decl":{"start":{"line":221,"column":14},"end":{"line":221,"column":30}},"loc":{"start":{"line":221,"column":30},"end":{"line":221,"column":null}},"line":221},"25":{"name":"(anonymous_25)","decl":{"start":{"line":222,"column":39},"end":{"line":222,"column":50}},"loc":{"start":{"line":222,"column":50},"end":{"line":222,"column":null}},"line":222},"26":{"name":"(anonymous_26)","decl":{"start":{"line":234,"column":12},"end":{"line":234,"column":27}},"loc":{"start":{"line":234,"column":38},"end":{"line":234,"column":null}},"line":234}},"branchMap":{"0":{"loc":{"start":{"line":27,"column":4},"end":{"line":29,"column":null}},"type":"if","locations":[{"start":{"line":27,"column":4},"end":{"line":29,"column":null}},{"start":{},"end":{}}],"line":27},"1":{"loc":{"start":{"line":27,"column":8},"end":{"line":27,"column":28}},"type":"binary-expr","locations":[{"start":{"line":27,"column":8},"end":{"line":27,"column":17}},{"start":{"line":27,"column":17},"end":{"line":27,"column":28}}],"line":27},"2":{"loc":{"start":{"line":35,"column":4},"end":{"line":36,"column":null}},"type":"if","locations":[{"start":{"line":35,"column":4},"end":{"line":36,"column":null}},{"start":{},"end":{}}],"line":35},"3":{"loc":{"start":{"line":87,"column":4},"end":{"line":91,"column":null}},"type":"if","locations":[{"start":{"line":87,"column":4},"end":{"line":91,"column":null}},{"start":{"line":89,"column":11},"end":{"line":91,"column":null}}],"line":87},"4":{"loc":{"start":{"line":97,"column":4},"end":{"line":98,"column":null}},"type":"if","locations":[{"start":{"line":97,"column":4},"end":{"line":98,"column":null}},{"start":{},"end":{}}],"line":97},"5":{"loc":{"start":{"line":100,"column":4},"end":{"line":107,"column":null}},"type":"if","locations":[{"start":{"line":100,"column":4},"end":{"line":107,"column":null}},{"start":{},"end":{}}],"line":100},"6":{"loc":{"start":{"line":109,"column":4},"end":{"line":116,"column":null}},"type":"if","locations":[{"start":{"line":109,"column":4},"end":{"line":116,"column":null}},{"start":{},"end":{}}],"line":109},"7":{"loc":{"start":{"line":118,"column":4},"end":{"line":120,"column":null}},"type":"if","locations":[{"start":{"line":118,"column":4},"end":{"line":120,"column":null}},{"start":{},"end":{}}],"line":118},"8":{"loc":{"start":{"line":125,"column":2},"end":{"line":126,"column":null}},"type":"if","locations":[{"start":{"line":125,"column":2},"end":{"line":126,"column":null}},{"start":{},"end":{}}],"line":125},"9":{"loc":{"start":{"line":129,"column":2},"end":{"line":130,"column":null}},"type":"if","locations":[{"start":{"line":129,"column":2},"end":{"line":130,"column":null}},{"start":{},"end":{}}],"line":129},"10":{"loc":{"start":{"line":133,"column":2},"end":{"line":137,"column":null}},"type":"if","locations":[{"start":{"line":133,"column":2},"end":{"line":137,"column":null}},{"start":{},"end":{}}],"line":133},"11":{"loc":{"start":{"line":141,"column":2},"end":{"line":142,"column":null}},"type":"if","locations":[{"start":{"line":141,"column":2},"end":{"line":142,"column":null}},{"start":{},"end":{}}],"line":141},"12":{"loc":{"start":{"line":169,"column":14},"end":{"line":171,"column":null}},"type":"cond-expr","locations":[{"start":{"line":170,"column":18},"end":{"line":170,"column":null}},{"start":{"line":171,"column":18},"end":{"line":171,"column":null}}],"line":169},"13":{"loc":{"start":{"line":181,"column":14},"end":{"line":183,"column":null}},"type":"cond-expr","locations":[{"start":{"line":182,"column":18},"end":{"line":182,"column":null}},{"start":{"line":183,"column":18},"end":{"line":183,"column":null}}],"line":181},"14":{"loc":{"start":{"line":193,"column":14},"end":{"line":195,"column":null}},"type":"cond-expr","locations":[{"start":{"line":194,"column":18},"end":{"line":194,"column":null}},{"start":{"line":195,"column":18},"end":{"line":195,"column":null}}],"line":193},"15":{"loc":{"start":{"line":204,"column":9},"end":{"line":209,"column":null}},"type":"binary-expr","locations":[{"start":{"line":204,"column":9},"end":{"line":204,"column":null}},{"start":{"line":205,"column":10},"end":{"line":209,"column":null}}],"line":204},"16":{"loc":{"start":{"line":213,"column":9},"end":{"line":224,"column":null}},"type":"binary-expr","locations":[{"start":{"line":213,"column":9},"end":{"line":213,"column":null}},{"start":{"line":214,"column":10},"end":{"line":224,"column":null}}],"line":213},"17":{"loc":{"start":{"line":216,"column":15},"end":{"line":216,"column":null}},"type":"cond-expr","locations":[{"start":{"line":216,"column":35},"end":{"line":216,"column":51}},{"start":{"line":216,"column":51},"end":{"line":216,"column":null}}],"line":216},"18":{"loc":{"start":{"line":222,"column":24},"end":{"line":222,"column":null}},"type":"cond-expr","locations":[{"start":{"line":222,"column":39},"end":{"line":222,"column":null}},{"start":{"line":222,"column":105},"end":{"line":222,"column":null}}],"line":222},"19":{"loc":{"start":{"line":228,"column":9},"end":{"line":234,"column":null}},"type":"binary-expr","locations":[{"start":{"line":228,"column":9},"end":{"line":228,"column":null}},{"start":{"line":229,"column":10},"end":{"line":234,"column":null}}],"line":228}},"s":{"0":1,"1":80,"2":80,"3":80,"4":80,"5":80,"6":80,"7":80,"8":21,"9":21,"10":21,"11":15,"12":15,"13":21,"14":80,"15":40,"16":17,"17":80,"18":38,"19":38,"20":38,"21":0,"22":0,"23":80,"24":2,"25":2,"26":2,"27":80,"28":2,"29":2,"30":2,"31":2,"32":80,"33":2,"34":2,"35":2,"36":2,"37":2,"38":0,"39":0,"40":80,"41":2,"42":2,"43":2,"44":0,"45":0,"46":80,"47":1,"48":1,"49":0,"50":1,"51":1,"52":80,"53":0,"54":0,"55":0,"56":0,"57":0,"58":0,"59":0,"60":0,"61":0,"62":0,"63":0,"64":0,"65":0,"66":0,"67":0,"68":0,"69":0,"70":0,"71":0,"72":80,"73":2,"74":0,"75":78,"76":2,"77":0,"78":76,"79":19,"80":57,"81":6,"82":51,"83":1,"84":5,"85":5,"86":1,"87":3,"88":3,"89":1,"90":1,"91":2,"92":2,"93":0,"94":0},"f":{"0":80,"1":21,"2":40,"3":38,"4":2,"5":2,"6":2,"7":2,"8":1,"9":0,"10":0,"11":0,"12":0,"13":0,"14":0,"15":0,"16":0,"17":0,"18":0,"19":0,"20":1,"21":5,"22":1,"23":3,"24":1,"25":2,"26":0},"b":{"0":[15,6],"1":[21,15],"2":[17,23],"3":[0,1],"4":[0,0],"5":[0,0],"6":[0,0],"7":[0,0],"8":[2,78],"9":[2,76],"10":[19,57],"11":[6,51],"12":[42,9],"13":[8,43],"14":[1,50],"15":[80,42],"16":[80,8],"17":[3,5],"18":[2,5],"19":[80,1]},"meta":{"lastBranch":20,"lastFunction":27,"lastStatement":95,"seen":{"s:11:6:238:Infinity":0,"f:11:6:11:18":0,"s:12:18:12:44":1,"s:13:15:13:42":2,"s:14:24:14:58":3,"s:15:24:20:4":4,"s:21:15:21:40":5,"s:22:22:22:54":6,"s:24:2:32:Infinity":7,"f:24:2:24:18":1,"s:25:18:25:47":8,"s:26:22:26:50":9,"b:27:4:29:Infinity:undefined:undefined:undefined:undefined":0,"s:27:4:29:Infinity":10,"b:27:8:27:17:27:17:27:28":1,"s:28:6:28:Infinity":11,"s:29:6:29:Infinity":12,"s:31:4:31:Infinity":13,"s:34:2:38:Infinity":14,"f:34:2:34:18":2,"b:35:4:36:Infinity:undefined:undefined:undefined:undefined":2,"s:35:4:36:Infinity":15,"s:36:6:36:Infinity":16,"s:40:22:46:Infinity":17,"f:40:22:40:34":3,"s:41:4:46:Infinity":18,"s:42:22:42:44":19,"s:43:6:43:Infinity":20,"s:45:6:45:Infinity":21,"s:46:6:46:Infinity":22,"s:50:8:53:Infinity":23,"f:50:8:50:23":4,"s:51:4:51:Infinity":24,"s:52:4:52:Infinity":25,"s:53:4:53:Infinity":26,"s:56:8:60:Infinity":27,"f:56:8:56:29":5,"s:57:4:57:Infinity":28,"s:58:4:58:Infinity":29,"s:59:4:59:Infinity":30,"s:60:4:60:Infinity":31,"s:63:21:71:Infinity":32,"f:63:21:63:28":6,"s:64:4:71:Infinity":33,"s:65:6:65:Infinity":34,"s:66:6:66:Infinity":35,"s:67:6:67:Infinity":36,"s:68:6:68:Infinity":37,"s:70:6:70:Infinity":38,"s:71:6:71:Infinity":39,"s:75:23:81:Infinity":40,"f:75:23:75:30":7,"s:76:4:81:Infinity":41,"s:77:6:77:Infinity":42,"s:78:6:78:Infinity":43,"s:80:6:80:Infinity":44,"s:81:6:81:Infinity":45,"s:85:8:91:Infinity":46,"f:85:8:85:23":8,"s:86:22:86:Infinity":47,"b:87:4:91:Infinity:89:11:91:Infinity":3,"s:87:4:91:Infinity":48,"s:88:6:88:Infinity":49,"s:90:6:90:Infinity":50,"s:91:6:91:Infinity":51,"s:95:8:122:Infinity":52,"f:95:8:95:33":9,"s:96:19:96:71":53,"f:96:27:96:34":10,"s:96:39:96:71":54,"b:97:4:98:Infinity:undefined:undefined:undefined:undefined":4,"s:97:4:98:Infinity":55,"s:98:6:98:Infinity":56,"f:98:26:98:33":11,"s:98:38:98:68":57,"b:100:4:107:Infinity:undefined:undefined:undefined:undefined":5,"s:100:4:107:Infinity":58,"s:101:6:107:Infinity":59,"f:101:26:101:33":12,"s:102:8:105:Infinity":60,"f:102:43:102:49":13,"s:103:10:104:Infinity":61,"f:103:24:103:29":14,"s:104:12:104:63":62,"b:109:4:116:Infinity:undefined:undefined:undefined:undefined":6,"s:109:4:116:Infinity":63,"s:110:6:116:Infinity":64,"f:110:26:110:33":15,"s:111:8:114:Infinity":65,"f:111:23:111:28":16,"s:112:10:113:Infinity":66,"f:112:43:112:48":17,"s:113:12:113:61":67,"b:118:4:120:Infinity:undefined:undefined:undefined:undefined":7,"s:118:4:120:Infinity":68,"s:119:6:119:Infinity":69,"s:120:6:120:Infinity":70,"s:122:4:122:Infinity":71,"b:125:2:126:Infinity:undefined:undefined:undefined:undefined":8,"s:125:2:126:Infinity":72,"s:126:4:126:Infinity":73,"f:126:24:126:42":18,"s:126:42:126:72":74,"b:129:2:130:Infinity:undefined:undefined:undefined:undefined":9,"s:129:2:130:Infinity":75,"s:130:4:130:Infinity":76,"f:130:26:130:44":19,"s:130:44:130:74":77,"b:133:2:137:Infinity:undefined:undefined:undefined:undefined":10,"s:133:2:137:Infinity":78,"s:134:4:137:Infinity":79,"b:141:2:142:Infinity:undefined:undefined:undefined:undefined":11,"s:141:2:142:Infinity":80,"s:142:4:142:Infinity":81,"s:145:2:238:Infinity":82,"f:167:12:167:27":20,"s:167:27:167:42":83,"b:170:18:170:Infinity:171:18:171:Infinity":12,"f:179:12:179:27":21,"s:179:29:179:51":84,"s:179:51:179:Infinity":85,"b:182:18:182:Infinity:183:18:183:Infinity":13,"f:191:12:191:27":22,"s:191:27:191:44":86,"b:194:18:194:Infinity:195:18:195:Infinity":14,"b:204:9:204:Infinity:205:10:209:Infinity":15,"f:207:12:207:27":23,"s:207:40:207:66":87,"s:207:66:207:Infinity":88,"b:213:9:213:Infinity:214:10:224:Infinity":16,"b:216:35:216:51:216:51:216:Infinity":17,"f:221:14:221:30":24,"s:221:32:221:56":89,"s:221:56:221:Infinity":90,"b:222:39:222:Infinity:222:105:222:Infinity":18,"f:222:39:222:50":25,"s:222:52:222:84":91,"s:222:84:222:105":92,"b:228:9:228:Infinity:229:10:234:Infinity":19,"f:234:12:234:27":26,"s:234:40:234:66":93,"s:234:66:234:Infinity":94}}}
,"/Users/pat/Documents/RecipeBook/client/src/components/AuthForm.jsx": {"path":"/Users/pat/Documents/RecipeBook/client/src/components/AuthForm.jsx","statementMap":{"0":{"start":{"line":6,"column":6},"end":{"line":157,"column":null}},"1":{"start":{"line":7,"column":20},"end":{"line":7,"column":48}},"2":{"start":{"line":8,"column":18},"end":{"line":8,"column":42}},"3":{"start":{"line":9,"column":21},"end":{"line":9,"column":48}},"4":{"start":{"line":10,"column":18},"end":{"line":10,"column":42}},"5":{"start":{"line":11,"column":20},"end":{"line":11,"column":49}},"6":{"start":{"line":12,"column":23},"end":{"line":12,"column":55}},"7":{"start":{"line":13,"column":25},"end":{"line":13,"column":59}},"8":{"start":{"line":14,"column":27},"end":{"line":14,"column":63}},"9":{"start":{"line":16,"column":25},"end":{"line":36,"column":null}},"10":{"start":{"line":17,"column":8},"end":{"line":17,"column":null}},"11":{"start":{"line":18,"column":8},"end":{"line":18,"column":null}},"12":{"start":{"line":19,"column":8},"end":{"line":19,"column":null}},"13":{"start":{"line":21,"column":8},"end":{"line":36,"column":null}},"14":{"start":{"line":22,"column":25},"end":{"line":25,"column":14}},"15":{"start":{"line":27,"column":12},"end":{"line":31,"column":null}},"16":{"start":{"line":28,"column":16},"end":{"line":28,"column":null}},"17":{"start":{"line":30,"column":16},"end":{"line":30,"column":null}},"18":{"start":{"line":31,"column":16},"end":{"line":31,"column":null}},"19":{"start":{"line":34,"column":12},"end":{"line":34,"column":null}},"20":{"start":{"line":36,"column":12},"end":{"line":36,"column":null}},"21":{"start":{"line":40,"column":4},"end":{"line":50,"column":null}},"22":{"start":{"line":41,"column":8},"end":{"line":50,"column":null}},"23":{"start":{"line":55,"column":4},"end":{"line":56,"column":null}},"24":{"start":{"line":56,"column":8},"end":{"line":56,"column":null}},"25":{"start":{"line":56,"column":45},"end":{"line":56,"column":69}},"26":{"start":{"line":59,"column":4},"end":{"line":157,"column":null}},"27":{"start":{"line":71,"column":41},"end":{"line":71,"column":59}},"28":{"start":{"line":71,"column":59},"end":{"line":71,"column":null}},"29":{"start":{"line":81,"column":41},"end":{"line":81,"column":60}},"30":{"start":{"line":81,"column":60},"end":{"line":81,"column":null}},"31":{"start":{"line":100,"column":45},"end":{"line":100,"column":69}},"32":{"start":{"line":115,"column":49},"end":{"line":115,"column":76}},"33":{"start":{"line":122,"column":47},"end":{"line":122,"column":77}},"34":{"start":{"line":134,"column":47},"end":{"line":134,"column":70}}},"fnMap":{"0":{"name":"(anonymous_0)","decl":{"start":{"line":6,"column":6},"end":{"line":6,"column":18}},"loc":{"start":{"line":6,"column":34},"end":{"line":157,"column":null}},"line":6},"1":{"name":"(anonymous_1)","decl":{"start":{"line":16,"column":25},"end":{"line":16,"column":32}},"loc":{"start":{"line":16,"column":38},"end":{"line":36,"column":null}},"line":16},"2":{"name":"(anonymous_2)","decl":{"start":{"line":56,"column":31},"end":{"line":56,"column":45}},"loc":{"start":{"line":56,"column":45},"end":{"line":56,"column":69}},"line":56},"3":{"name":"(anonymous_3)","decl":{"start":{"line":71,"column":24},"end":{"line":71,"column":39}},"loc":{"start":{"line":71,"column":39},"end":{"line":71,"column":null}},"line":71},"4":{"name":"(anonymous_4)","decl":{"start":{"line":81,"column":24},"end":{"line":81,"column":39}},"loc":{"start":{"line":81,"column":39},"end":{"line":81,"column":null}},"line":81},"5":{"name":"(anonymous_5)","decl":{"start":{"line":100,"column":28},"end":{"line":100,"column":39}},"loc":{"start":{"line":100,"column":45},"end":{"line":100,"column":69}},"line":100},"6":{"name":"(anonymous_6)","decl":{"start":{"line":115,"column":32},"end":{"line":115,"column":43}},"loc":{"start":{"line":115,"column":49},"end":{"line":115,"column":76}},"line":115},"7":{"name":"(anonymous_7)","decl":{"start":{"line":122,"column":32},"end":{"line":122,"column":47}},"loc":{"start":{"line":122,"column":47},"end":{"line":122,"column":77}},"line":122},"8":{"name":"(anonymous_8)","decl":{"start":{"line":134,"column":32},"end":{"line":134,"column":47}},"loc":{"start":{"line":134,"column":47},"end":{"line":134,"column":70}},"line":134}},"branchMap":{"0":{"loc":{"start":{"line":22,"column":39},"end":{"line":22,"column":83}},"type":"cond-expr","locations":[{"start":{"line":22,"column":49},"end":{"line":22,"column":65}},{"start":{"line":22,"column":65},"end":{"line":22,"column":83}}],"line":22},"1":{"loc":{"start":{"line":27,"column":12},"end":{"line":31,"column":null}},"type":"if","locations":[{"start":{"line":27,"column":12},"end":{"line":31,"column":null}},{"start":{"line":29,"column":19},"end":{"line":31,"column":null}}],"line":27},"2":{"loc":{"start":{"line":40,"column":4},"end":{"line":50,"column":null}},"type":"if","locations":[{"start":{"line":40,"column":4},"end":{"line":50,"column":null}},{"start":{},"end":{}}],"line":40},"3":{"loc":{"start":{"line":55,"column":4},"end":{"line":56,"column":null}},"type":"if","locations":[{"start":{"line":55,"column":4},"end":{"line":56,"column":null}},{"start":{},"end":{}}],"line":55},"4":{"loc":{"start":{"line":73,"column":28},"end":{"line":75,"column":null}},"type":"cond-expr","locations":[{"start":{"line":74,"column":34},"end":{"line":74,"column":null}},{"start":{"line":75,"column":34},"end":{"line":75,"column":null}}],"line":73},"5":{"loc":{"start":{"line":83,"column":28},"end":{"line":85,"column":null}},"type":"cond-expr","locations":[{"start":{"line":84,"column":34},"end":{"line":84,"column":null}},{"start":{"line":85,"column":34},"end":{"line":85,"column":null}}],"line":83},"6":{"loc":{"start":{"line":113,"column":38},"end":{"line":113,"column":null}},"type":"cond-expr","locations":[{"start":{"line":113,"column":53},"end":{"line":113,"column":62}},{"start":{"line":113,"column":62},"end":{"line":113,"column":null}}],"line":113},"7":{"loc":{"start":{"line":125,"column":33},"end":{"line":125,"column":null}},"type":"cond-expr","locations":[{"start":{"line":125,"column":48},"end":{"line":125,"column":81}},{"start":{"line":125,"column":81},"end":{"line":125,"column":null}}],"line":125},"8":{"loc":{"start":{"line":130,"column":21},"end":{"line":139,"column":null}},"type":"binary-expr","locations":[{"start":{"line":130,"column":21},"end":{"line":130,"column":null}},{"start":{"line":131,"column":24},"end":{"line":139,"column":null}}],"line":130},"9":{"loc":{"start":{"line":142,"column":21},"end":{"line":145,"column":null}},"type":"binary-expr","locations":[{"start":{"line":142,"column":21},"end":{"line":142,"column":null}},{"start":{"line":143,"column":24},"end":{"line":145,"column":null}}],"line":142},"10":{"loc":{"start":{"line":153,"column":25},"end":{"line":153,"column":null}},"type":"cond-expr","locations":[{"start":{"line":153,"column":35},"end":{"line":153,"column":54}},{"start":{"line":153,"column":54},"end":{"line":153,"column":null}}],"line":153},"11":{"loc":{"start":{"line":153,"column":54},"end":{"line":153,"column":null}},"type":"cond-expr","locations":[{"start":{"line":153,"column":64},"end":{"line":153,"column":76}},{"start":{"line":153,"column":76},"end":{"line":153,"column":null}}],"line":153}},"s":{"0":1,"1":290,"2":290,"3":290,"4":290,"5":290,"6":290,"7":290,"8":290,"9":290,"10":11,"11":11,"12":11,"13":11,"14":11,"15":6,"16":3,"17":3,"18":3,"19":4,"20":10,"21":290,"22":3,"23":287,"24":2,"25":1,"26":285,"27":1,"28":1,"29":9,"30":9,"31":102,"32":127,"33":3,"34":2},"f":{"0":290,"1":11,"2":1,"3":1,"4":9,"5":102,"6":127,"7":3,"8":2},"b":{"0":[7,4],"1":[3,3],"2":[3,287],"3":[2,285],"4":[174,111],"5":[111,174],"6":[2,283],"7":[2,283],"8":[290,174],"9":[290,4],"10":[11,274],"11":[167,107]},"meta":{"lastBranch":12,"lastFunction":9,"lastStatement":35,"seen":{"s:6:6:157:Infinity":0,"f:6:6:6:18":0,"s:7:20:7:48":1,"s:8:18:8:42":2,"s:9:21:9:48":3,"s:10:18:10:42":4,"s:11:20:11:49":5,"s:12:23:12:55":6,"s:13:25:13:59":7,"s:14:27:14:63":8,"s:16:25:36:Infinity":9,"f:16:25:16:32":1,"s:17:8:17:Infinity":10,"s:18:8:18:Infinity":11,"s:19:8:19:Infinity":12,"s:21:8:36:Infinity":13,"s:22:25:25:14":14,"b:22:49:22:65:22:65:22:83":0,"b:27:12:31:Infinity:29:19:31:Infinity":1,"s:27:12:31:Infinity":15,"s:28:16:28:Infinity":16,"s:30:16:30:Infinity":17,"s:31:16:31:Infinity":18,"s:34:12:34:Infinity":19,"s:36:12:36:Infinity":20,"b:40:4:50:Infinity:undefined:undefined:undefined:undefined":2,"s:40:4:50:Infinity":21,"s:41:8:50:Infinity":22,"b:55:4:56:Infinity:undefined:undefined:undefined:undefined":3,"s:55:4:56:Infinity":23,"s:56:8:56:Infinity":24,"f:56:31:56:45":2,"s:56:45:56:69":25,"s:59:4:157:Infinity":26,"f:71:24:71:39":3,"s:71:41:71:59":27,"s:71:59:71:Infinity":28,"b:74:34:74:Infinity:75:34:75:Infinity":4,"f:81:24:81:39":4,"s:81:41:81:60":29,"s:81:60:81:Infinity":30,"b:84:34:84:Infinity:85:34:85:Infinity":5,"f:100:28:100:39":5,"s:100:45:100:69":31,"b:113:53:113:62:113:62:113:Infinity":6,"f:115:32:115:43":6,"s:115:49:115:76":32,"f:122:32:122:47":7,"s:122:47:122:77":33,"b:125:48:125:81:125:81:125:Infinity":7,"b:130:21:130:Infinity:131:24:139:Infinity":8,"f:134:32:134:47":8,"s:134:47:134:70":34,"b:142:21:142:Infinity:143:24:145:Infinity":9,"b:153:35:153:54:153:54:153:Infinity":10,"b:153:64:153:76:153:76:153:Infinity":11}}}
,"/Users/pat/Documents/RecipeBook/client/src/components/ForgotPassword.jsx": {"path":"/Users/pat/Documents/RecipeBook/client/src/components/ForgotPassword.jsx","statementMap":{"0":{"start":{"line":5,"column":6},"end":{"line":92,"column":null}},"1":{"start":{"line":6,"column":18},"end":{"line":6,"column":42}},"2":{"start":{"line":7,"column":20},"end":{"line":7,"column":49}},"3":{"start":{"line":8,"column":22},"end":{"line":8,"column":53}},"4":{"start":{"line":9,"column":18},"end":{"line":9,"column":42}},"5":{"start":{"line":11,"column":25},"end":{"line":25,"column":null}},"6":{"start":{"line":12,"column":8},"end":{"line":12,"column":null}},"7":{"start":{"line":13,"column":8},"end":{"line":13,"column":null}},"8":{"start":{"line":14,"column":8},"end":{"line":14,"column":null}},"9":{"start":{"line":16,"column":8},"end":{"line":25,"column":null}},"10":{"start":{"line":17,"column":12},"end":{"line":20,"column":null}},"11":{"start":{"line":21,"column":12},"end":{"line":21,"column":null}},"12":{"start":{"line":23,"column":12},"end":{"line":23,"column":null}},"13":{"start":{"line":25,"column":12},"end":{"line":25,"column":null}},"14":{"start":{"line":29,"column":4},"end":{"line":43,"column":null}},"15":{"start":{"line":30,"column":8},"end":{"line":43,"column":null}},"16":{"start":{"line":47,"column":4},"end":{"line":92,"column":null}},"17":{"start":{"line":62,"column":45},"end":{"line":62,"column":69}}},"fnMap":{"0":{"name":"(anonymous_0)","decl":{"start":{"line":5,"column":6},"end":{"line":5,"column":24}},"loc":{"start":{"line":5,"column":39},"end":{"line":92,"column":null}},"line":5},"1":{"name":"(anonymous_1)","decl":{"start":{"line":11,"column":25},"end":{"line":11,"column":32}},"loc":{"start":{"line":11,"column":38},"end":{"line":25,"column":null}},"line":11},"2":{"name":"(anonymous_2)","decl":{"start":{"line":62,"column":28},"end":{"line":62,"column":39}},"loc":{"start":{"line":62,"column":45},"end":{"line":62,"column":69}},"line":62}},"branchMap":{"0":{"loc":{"start":{"line":29,"column":4},"end":{"line":43,"column":null}},"type":"if","locations":[{"start":{"line":29,"column":4},"end":{"line":43,"column":null}},{"start":{},"end":{}}],"line":29},"1":{"loc":{"start":{"line":69,"column":21},"end":{"line":72,"column":null}},"type":"binary-expr","locations":[{"start":{"line":69,"column":21},"end":{"line":69,"column":null}},{"start":{"line":70,"column":24},"end":{"line":72,"column":null}}],"line":69},"2":{"loc":{"start":{"line":80,"column":25},"end":{"line":80,"column":null}},"type":"cond-expr","locations":[{"start":{"line":80,"column":35},"end":{"line":80,"column":54}},{"start":{"line":80,"column":54},"end":{"line":80,"column":null}}],"line":80}},"s":{"0":1,"1":74,"2":74,"3":74,"4":74,"5":74,"6":7,"7":7,"8":7,"9":7,"10":7,"11":4,"12":2,"13":6,"14":74,"15":4,"16":70,"17":49},"f":{"0":74,"1":7,"2":49},"b":{"0":[4,70],"1":[70,2],"2":[7,63]},"meta":{"lastBranch":3,"lastFunction":3,"lastStatement":18,"seen":{"s:5:6:92:Infinity":0,"f:5:6:5:24":0,"s:6:18:6:42":1,"s:7:20:7:49":2,"s:8:22:8:53":3,"s:9:18:9:42":4,"s:11:25:25:Infinity":5,"f:11:25:11:32":1,"s:12:8:12:Infinity":6,"s:13:8:13:Infinity":7,"s:14:8:14:Infinity":8,"s:16:8:25:Infinity":9,"s:17:12:20:Infinity":10,"s:21:12:21:Infinity":11,"s:23:12:23:Infinity":12,"s:25:12:25:Infinity":13,"b:29:4:43:Infinity:undefined:undefined:undefined:undefined":0,"s:29:4:43:Infinity":14,"s:30:8:43:Infinity":15,"s:47:4:92:Infinity":16,"f:62:28:62:39":2,"s:62:45:62:69":17,"b:69:21:69:Infinity:70:24:72:Infinity":1,"b:80:35:80:54:80:54:80:Infinity":2}}}
,"/Users/pat/Documents/RecipeBook/client/src/components/RecipeCard.jsx": {"path":"/Users/pat/Documents/RecipeBook/client/src/components/RecipeCard.jsx","statementMap":{"0":{"start":{"line":4,"column":6},"end":{"line":44,"column":null}},"1":{"start":{"line":5,"column":4},"end":{"line":44,"column":null}},"2":{"start":{"line":30,"column":39},"end":{"line":30,"column":53}},"3":{"start":{"line":36,"column":39},"end":{"line":36,"column":54}}},"fnMap":{"0":{"name":"(anonymous_0)","decl":{"start":{"line":4,"column":6},"end":{"line":4,"column":20}},"loc":{"start":{"line":4,"column":52},"end":{"line":44,"column":null}},"line":4},"1":{"name":"(anonymous_1)","decl":{"start":{"line":30,"column":24},"end":{"line":30,"column":39}},"loc":{"start":{"line":30,"column":39},"end":{"line":30,"column":53}},"line":30},"2":{"name":"(anonymous_2)","decl":{"start":{"line":36,"column":24},"end":{"line":36,"column":39}},"loc":{"start":{"line":36,"column":39},"end":{"line":36,"column":54}},"line":36}},"branchMap":{"0":{"loc":{"start":{"line":9,"column":17},"end":{"line":12,"column":null}},"type":"binary-expr","locations":[{"start":{"line":9,"column":17},"end":{"line":9,"column":null}},{"start":{"line":10,"column":20},"end":{"line":12,"column":null}}],"line":9}},"s":{"0":2,"1":9,"2":2,"3":1},"f":{"0":9,"1":2,"2":1},"b":{"0":[9,2]},"meta":{"lastBranch":1,"lastFunction":3,"lastStatement":4,"seen":{"s:4:6:44:Infinity":0,"f:4:6:4:20":0,"s:5:4:44:Infinity":1,"b:9:17:9:Infinity:10:20:12:Infinity":0,"f:30:24:30:39":1,"s:30:39:30:53":2,"f:36:24:36:39":2,"s:36:39:36:54":3}}}
,"/Users/pat/Documents/RecipeBook/client/src/components/RecipeForm.jsx": {"path":"/Users/pat/Documents/RecipeBook/client/src/components/RecipeForm.jsx","statementMap":{"0":{"start":{"line":5,"column":6},"end":{"line":271,"column":null}},"1":{"start":{"line":7,"column":21},"end":{"line":15,"column":6}},"2":{"start":{"line":17,"column":25},"end":{"line":17,"column":75}},"3":{"start":{"line":18,"column":22},"end":{"line":18,"column":60}},"4":{"start":{"line":20,"column":18},"end":{"line":20,"column":null}},"5":{"start":{"line":22,"column":10},"end":{"line":28,"column":null}},"6":{"start":{"line":23,"column":8},"end":{"line":24,"column":null}},"7":{"start":{"line":24,"column":12},"end":{"line":24,"column":null}},"8":{"start":{"line":26,"column":8},"end":{"line":28,"column":null}},"9":{"start":{"line":26,"column":40},"end":{"line":27,"column":65}},"10":{"start":{"line":31,"column":10},"end":{"line":34,"column":null}},"11":{"start":{"line":32,"column":31},"end":{"line":32,"column":56}},"12":{"start":{"line":33,"column":8},"end":{"line":33,"column":null}},"13":{"start":{"line":34,"column":8},"end":{"line":34,"column":null}},"14":{"start":{"line":37,"column":10},"end":{"line":38,"column":null}},"15":{"start":{"line":38,"column":8},"end":{"line":38,"column":null}},"16":{"start":{"line":41,"column":10},"end":{"line":45,"column":null}},"17":{"start":{"line":42,"column":8},"end":{"line":45,"column":null}},"18":{"start":{"line":44,"column":63},"end":{"line":44,"column":null}},"19":{"start":{"line":48,"column":10},"end":{"line":49,"column":null}},"20":{"start":{"line":49,"column":8},"end":{"line":49,"column":null}},"21":{"start":{"line":52,"column":30},"end":{"line":52,"column":52}},"22":{"start":{"line":54,"column":4},"end":{"line":271,"column":null}},"23":{"start":{"line":65,"column":43},"end":{"line":65,"column":62}},"24":{"start":{"line":74,"column":43},"end":{"line":74,"column":89}},"25":{"start":{"line":86,"column":43},"end":{"line":86,"column":76}},"26":{"start":{"line":93,"column":43},"end":{"line":93,"column":77}},"27":{"start":{"line":116,"column":41},"end":{"line":116,"column":92}},"28":{"start":{"line":130,"column":45},"end":{"line":130,"column":105}},"29":{"start":{"line":141,"column":45},"end":{"line":141,"column":109}},"30":{"start":{"line":154,"column":28},"end":{"line":165,"column":null}},"31":{"start":{"line":156,"column":47},"end":{"line":156,"column":131}},"32":{"start":{"line":180,"column":32},"end":{"line":182,"column":null}},"33":{"start":{"line":188,"column":32},"end":{"line":205,"column":null}},"34":{"start":{"line":192,"column":57},"end":{"line":192,"column":96}},"35":{"start":{"line":199,"column":59},"end":{"line":199,"column":82}},"36":{"start":{"line":227,"column":45},"end":{"line":227,"column":103}}},"fnMap":{"0":{"name":"(anonymous_0)","decl":{"start":{"line":5,"column":6},"end":{"line":5,"column":20}},"loc":{"start":{"line":5,"column":63},"end":{"line":271,"column":null}},"line":5},"1":{"name":"(anonymous_1)","decl":{"start":{"line":22,"column":10},"end":{"line":22,"column":39}},"loc":{"start":{"line":22,"column":39},"end":{"line":28,"column":null}},"line":22},"2":{"name":"(anonymous_2)","decl":{"start":{"line":26,"column":36},"end":{"line":26,"column":40}},"loc":{"start":{"line":26,"column":40},"end":{"line":27,"column":65}},"line":26},"3":{"name":"(anonymous_3)","decl":{"start":{"line":31,"column":10},"end":{"line":31,"column":30}},"loc":{"start":{"line":31,"column":47},"end":{"line":34,"column":null}},"line":31},"4":{"name":"(anonymous_4)","decl":{"start":{"line":37,"column":10},"end":{"line":37,"column":32}},"loc":{"start":{"line":37,"column":32},"end":{"line":38,"column":null}},"line":37},"5":{"name":"(anonymous_5)","decl":{"start":{"line":41,"column":10},"end":{"line":41,"column":30}},"loc":{"start":{"line":41,"column":40},"end":{"line":45,"column":null}},"line":41},"6":{"name":"(anonymous_6)","decl":{"start":{"line":44,"column":46},"end":{"line":44,"column":54}},"loc":{"start":{"line":44,"column":63},"end":{"line":44,"column":null}},"line":44},"7":{"name":"(anonymous_7)","decl":{"start":{"line":48,"column":10},"end":{"line":48,"column":31}},"loc":{"start":{"line":48,"column":31},"end":{"line":49,"column":null}},"line":48},"8":{"name":"(anonymous_8)","decl":{"start":{"line":65,"column":28},"end":{"line":65,"column":43}},"loc":{"start":{"line":65,"column":43},"end":{"line":65,"column":62}},"line":65},"9":{"name":"(anonymous_9)","decl":{"start":{"line":74,"column":28},"end":{"line":74,"column":43}},"loc":{"start":{"line":74,"column":43},"end":{"line":74,"column":89}},"line":74},"10":{"name":"(anonymous_10)","decl":{"start":{"line":86,"column":28},"end":{"line":86,"column":43}},"loc":{"start":{"line":86,"column":43},"end":{"line":86,"column":76}},"line":86},"11":{"name":"(anonymous_11)","decl":{"start":{"line":93,"column":28},"end":{"line":93,"column":43}},"loc":{"start":{"line":93,"column":43},"end":{"line":93,"column":77}},"line":93},"12":{"name":"(anonymous_12)","decl":{"start":{"line":116,"column":24},"end":{"line":116,"column":35}},"loc":{"start":{"line":116,"column":41},"end":{"line":116,"column":92}},"line":116},"13":{"name":"(anonymous_13)","decl":{"start":{"line":130,"column":28},"end":{"line":130,"column":39}},"loc":{"start":{"line":130,"column":45},"end":{"line":130,"column":105}},"line":130},"14":{"name":"(anonymous_14)","decl":{"start":{"line":141,"column":28},"end":{"line":141,"column":39}},"loc":{"start":{"line":141,"column":45},"end":{"line":141,"column":109}},"line":141},"15":{"name":"(anonymous_15)","decl":{"start":{"line":153,"column":31},"end":{"line":153,"column":36}},"loc":{"start":{"line":154,"column":28},"end":{"line":165,"column":null}},"line":154},"16":{"name":"(anonymous_16)","decl":{"start":{"line":156,"column":32},"end":{"line":156,"column":47}},"loc":{"start":{"line":156,"column":47},"end":{"line":156,"column":131}},"line":156},"17":{"name":"(anonymous_17)","decl":{"start":{"line":179,"column":47},"end":{"line":179,"column":52}},"loc":{"start":{"line":180,"column":32},"end":{"line":182,"column":null}},"line":180},"18":{"name":"(anonymous_18)","decl":{"start":{"line":187,"column":50},"end":{"line":187,"column":55}},"loc":{"start":{"line":188,"column":32},"end":{"line":205,"column":null}},"line":188},"19":{"name":"(anonymous_19)","decl":{"start":{"line":192,"column":40},"end":{"line":192,"column":51}},"loc":{"start":{"line":192,"column":57},"end":{"line":192,"column":96}},"line":192},"20":{"name":"(anonymous_20)","decl":{"start":{"line":199,"column":44},"end":{"line":199,"column":59}},"loc":{"start":{"line":199,"column":59},"end":{"line":199,"column":82}},"line":199},"21":{"name":"(anonymous_21)","decl":{"start":{"line":227,"column":28},"end":{"line":227,"column":39}},"loc":{"start":{"line":227,"column":45},"end":{"line":227,"column":103}},"line":227}},"branchMap":{"0":{"loc":{"start":{"line":8,"column":15},"end":{"line":8,"column":null}},"type":"binary-expr","locations":[{"start":{"line":8,"column":15},"end":{"line":8,"column":32}},{"start":{"line":8,"column":32},"end":{"line":8,"column":null}}],"line":8},"1":{"loc":{"start":{"line":9,"column":14},"end":{"line":9,"column":null}},"type":"binary-expr","locations":[{"start":{"line":9,"column":14},"end":{"line":9,"column":30}},{"start":{"line":9,"column":30},"end":{"line":9,"column":null}}],"line":9},"2":{"loc":{"start":{"line":10,"column":18},"end":{"line":10,"column":null}},"type":"binary-expr","locations":[{"start":{"line":10,"column":18},"end":{"line":10,"column":38}},{"start":{"line":10,"column":38},"end":{"line":10,"column":null}}],"line":10},"3":{"loc":{"start":{"line":11,"column":14},"end":{"line":11,"column":null}},"type":"binary-expr","locations":[{"start":{"line":11,"column":14},"end":{"line":11,"column":30}},{"start":{"line":11,"column":30},"end":{"line":11,"column":null}}],"line":11},"4":{"loc":{"start":{"line":12,"column":21},"end":{"line":12,"column":48}},"type":"binary-expr","locations":[{"start":{"line":12,"column":21},"end":{"line":12,"column":44}},{"start":{"line":12,"column":44},"end":{"line":12,"column":48}}],"line":12},"5":{"loc":{"start":{"line":13,"column":22},"end":{"line":13,"column":null}},"type":"binary-expr","locations":[{"start":{"line":13,"column":22},"end":{"line":13,"column":46}},{"start":{"line":13,"column":46},"end":{"line":13,"column":null}}],"line":13},"6":{"loc":{"start":{"line":17,"column":53},"end":{"line":17,"column":75}},"type":"binary-expr","locations":[{"start":{"line":17,"column":53},"end":{"line":17,"column":73}},{"start":{"line":17,"column":73},"end":{"line":17,"column":75}}],"line":17},"7":{"loc":{"start":{"line":23,"column":8},"end":{"line":24,"column":null}},"type":"if","locations":[{"start":{"line":23,"column":8},"end":{"line":24,"column":null}},{"start":{},"end":{}}],"line":23},"8":{"loc":{"start":{"line":23,"column":12},"end":{"line":23,"column":62}},"type":"binary-expr","locations":[{"start":{"line":23,"column":12},"end":{"line":23,"column":26}},{"start":{"line":23,"column":26},"end":{"line":23,"column":62}}],"line":23},"9":{"loc":{"start":{"line":57,"column":13},"end":{"line":105,"column":null}},"type":"binary-expr","locations":[{"start":{"line":57,"column":13},"end":{"line":57,"column":null}},{"start":{"line":58,"column":16},"end":{"line":105,"column":null}}],"line":57},"10":{"loc":{"start":{"line":100,"column":21},"end":{"line":102,"column":null}},"type":"binary-expr","locations":[{"start":{"line":100,"column":21},"end":{"line":100,"column":null}},{"start":{"line":101,"column":24},"end":{"line":102,"column":null}}],"line":100},"11":{"loc":{"start":{"line":156,"column":47},"end":{"line":156,"column":131}},"type":"binary-expr","locations":[{"start":{"line":156,"column":47},"end":{"line":156,"column":61}},{"start":{"line":156,"column":61},"end":{"line":156,"column":131}}],"line":156},"12":{"loc":{"start":{"line":156,"column":94},"end":{"line":156,"column":130}},"type":"cond-expr","locations":[{"start":{"line":156,"column":119},"end":{"line":156,"column":124}},{"start":{"line":156,"column":124},"end":{"line":156,"column":130}}],"line":156},"13":{"loc":{"start":{"line":158,"column":36},"end":{"line":160,"column":null}},"type":"cond-expr","locations":[{"start":{"line":159,"column":42},"end":{"line":159,"column":null}},{"start":{"line":160,"column":42},"end":{"line":160,"column":null}}],"line":158},"14":{"loc":{"start":{"line":161,"column":36},"end":{"line":161,"column":null}},"type":"cond-expr","locations":[{"start":{"line":161,"column":48},"end":{"line":161,"column":67}},{"start":{"line":161,"column":67},"end":{"line":161,"column":null}}],"line":161},"15":{"loc":{"start":{"line":177,"column":21},"end":{"line":212,"column":null}},"type":"cond-expr","locations":[{"start":{"line":178,"column":24},"end":{"line":184,"column":null}},{"start":{"line":186,"column":24},"end":{"line":212,"column":null}}],"line":177},"16":{"loc":{"start":{"line":197,"column":37},"end":{"line":203,"column":null}},"type":"binary-expr","locations":[{"start":{"line":197,"column":37},"end":{"line":197,"column":null}},{"start":{"line":198,"column":40},"end":{"line":203,"column":null}}],"line":197},"17":{"loc":{"start":{"line":220,"column":21},"end":{"line":230,"column":null}},"type":"cond-expr","locations":[{"start":{"line":221,"column":24},"end":{"line":223,"column":null}},{"start":{"line":225,"column":24},"end":{"line":230,"column":null}}],"line":220},"18":{"loc":{"start":{"line":236,"column":21},"end":{"line":259,"column":null}},"type":"binary-expr","locations":[{"start":{"line":236,"column":21},"end":{"line":236,"column":null}},{"start":{"line":237,"column":24},"end":{"line":259,"column":null}}],"line":236},"19":{"loc":{"start":{"line":251,"column":29},"end":{"line":255,"column":null}},"type":"binary-expr","locations":[{"start":{"line":251,"column":29},"end":{"line":251,"column":null}},{"start":{"line":252,"column":32},"end":{"line":255,"column":null}}],"line":251},"20":{"loc":{"start":{"line":261,"column":21},"end":{"line":267,"column":null}},"type":"binary-expr","locations":[{"start":{"line":261,"column":21},"end":{"line":261,"column":null}},{"start":{"line":262,"column":24},"end":{"line":267,"column":null}}],"line":261}},"s":{"0":1,"1":74,"2":74,"3":74,"4":74,"5":74,"6":74,"7":61,"8":13,"9":39,"10":74,"11":0,"12":0,"13":0,"14":74,"15":2,"16":74,"17":1,"18":2,"19":74,"20":5,"21":74,"22":74,"23":4,"24":11,"25":8,"26":2,"27":13,"28":0,"29":0,"30":444,"31":2,"32":105,"33":50,"34":0,"35":1,"36":0},"f":{"0":74,"1":74,"2":39,"3":0,"4":2,"5":1,"6":2,"7":5,"8":4,"9":11,"10":8,"11":2,"12":13,"13":0,"14":0,"15":444,"16":2,"17":105,"18":50,"19":0,"20":1,"21":0},"b":{"0":[74,35],"1":[74,0],"2":[74,0],"3":[74,33],"4":[74,0],"5":[74,35],"6":[74,0],"7":[61,13],"8":[74,35],"9":[74,35],"10":[35,13],"11":[2,2],"12":[1,1],"13":[41,403],"14":[210,234],"15":[35,39],"16":[50,18],"17":[35,39],"18":[74,39],"19":[39,3],"20":[74,35]},"meta":{"lastBranch":21,"lastFunction":22,"lastStatement":37,"seen":{"s:5:6:271:Infinity":0,"f:5:6:5:20":0,"s:7:21:15:6":1,"b:8:15:8:32:8:32:8:Infinity":0,"b:9:14:9:30:9:30:9:Infinity":1,"b:10:18:10:38:10:38:10:Infinity":2,"b:11:14:11:30:11:30:11:Infinity":3,"b:12:21:12:44:12:44:12:48":4,"b:13:22:13:46:13:46:13:Infinity":5,"s:17:25:17:75":2,"b:17:53:17:73:17:73:17:75":6,"s:18:22:18:60":3,"s:20:18:20:Infinity":4,"s:22:10:28:Infinity":5,"f:22:10:22:39":1,"b:23:8:24:Infinity:undefined:undefined:undefined:undefined":7,"s:23:8:24:Infinity":6,"b:23:12:23:26:23:26:23:62":8,"s:24:12:24:Infinity":7,"s:26:8:28:Infinity":8,"f:26:36:26:40":2,"s:26:40:27:65":9,"s:31:10:34:Infinity":10,"f:31:10:31:30":3,"s:32:31:32:56":11,"s:33:8:33:Infinity":12,"s:34:8:34:Infinity":13,"s:37:10:38:Infinity":14,"f:37:10:37:32":4,"s:38:8:38:Infinity":15,"s:41:10:45:Infinity":16,"f:41:10:41:30":5,"s:42:8:45:Infinity":17,"f:44:46:44:54":6,"s:44:63:44:Infinity":18,"s:48:10:49:Infinity":19,"f:48:10:48:31":7,"s:49:8:49:Infinity":20,"s:52:30:52:52":21,"s:54:4:271:Infinity":22,"b:57:13:57:Infinity:58:16:105:Infinity":9,"f:65:28:65:43":8,"s:65:43:65:62":23,"f:74:28:74:43":9,"s:74:43:74:89":24,"f:86:28:86:43":10,"s:86:43:86:76":25,"f:93:28:93:43":11,"s:93:43:93:77":26,"b:100:21:100:Infinity:101:24:102:Infinity":10,"f:116:24:116:35":12,"s:116:41:116:92":27,"f:130:28:130:39":13,"s:130:45:130:105":28,"f:141:28:141:39":14,"s:141:45:141:109":29,"f:153:31:153:36":15,"s:154:28:165:Infinity":30,"f:156:32:156:47":16,"s:156:47:156:131":31,"b:156:47:156:61:156:61:156:131":11,"b:156:119:156:124:156:124:156:130":12,"b:159:42:159:Infinity:160:42:160:Infinity":13,"b:161:48:161:67:161:67:161:Infinity":14,"b:178:24:184:Infinity:186:24:212:Infinity":15,"f:179:47:179:52":17,"s:180:32:182:Infinity":32,"f:187:50:187:55":18,"s:188:32:205:Infinity":33,"f:192:40:192:51":19,"s:192:57:192:96":34,"b:197:37:197:Infinity:198:40:203:Infinity":16,"f:199:44:199:59":20,"s:199:59:199:82":35,"b:221:24:223:Infinity:225:24:230:Infinity":17,"f:227:28:227:39":21,"s:227:45:227:103":36,"b:236:21:236:Infinity:237:24:259:Infinity":18,"b:251:29:251:Infinity:252:32:255:Infinity":19,"b:261:21:261:Infinity:262:24:267:Infinity":20}}}
,"/Users/pat/Documents/RecipeBook/client/src/components/RecipeList.jsx": {"path":"/Users/pat/Documents/RecipeBook/client/src/components/RecipeList.jsx","statementMap":{"0":{"start":{"line":5,"column":6},"end":{"line":24,"column":null}},"1":{"start":{"line":6,"column":4},"end":{"line":11,"column":null}},"2":{"start":{"line":7,"column":8},"end":{"line":11,"column":null}},"3":{"start":{"line":14,"column":4},"end":{"line":24,"column":null}},"4":{"start":{"line":17,"column":16},"end":{"line":22,"column":null}}},"fnMap":{"0":{"name":"(anonymous_0)","decl":{"start":{"line":5,"column":6},"end":{"line":5,"column":20}},"loc":{"start":{"line":5,"column":65},"end":{"line":24,"column":null}},"line":5},"1":{"name":"(anonymous_1)","decl":{"start":{"line":16,"column":21},"end":{"line":16,"column":26}},"loc":{"start":{"line":17,"column":16},"end":{"line":22,"column":null}},"line":17}},"branchMap":{"0":{"loc":{"start":{"line":6,"column":4},"end":{"line":11,"column":null}},"type":"if","locations":[{"start":{"line":6,"column":4},"end":{"line":11,"column":null}},{"start":{},"end":{}}],"line":6}},"s":{"0":1,"1":4,"2":1,"3":3,"4":5},"f":{"0":4,"1":5},"b":{"0":[1,3]},"meta":{"lastBranch":1,"lastFunction":2,"lastStatement":5,"seen":{"s:5:6:24:Infinity":0,"f:5:6:5:20":0,"b:6:4:11:Infinity:undefined:undefined:undefined:undefined":0,"s:6:4:11:Infinity":1,"s:7:8:11:Infinity":2,"s:14:4:24:Infinity":3,"f:16:21:16:26":1,"s:17:16:22:Infinity":4}}}
,"/Users/pat/Documents/RecipeBook/client/src/components/RecipePicker.jsx": {"path":"/Users/pat/Documents/RecipeBook/client/src/components/RecipePicker.jsx","statementMap":{"0":{"start":{"line":4,"column":6},"end":{"line":244,"column":null}},"1":{"start":{"line":5,"column":27},"end":{"line":5,"column":62}},"2":{"start":{"line":6,"column":25},"end":{"line":6,"column":56}},"3":{"start":{"line":7,"column":27},"end":{"line":7,"column":60}},"4":{"start":{"line":8,"column":22},"end":{"line":8,"column":53}},"5":{"start":{"line":10,"column":10},"end":{"line":14,"column":null}},"6":{"start":{"line":11,"column":23},"end":{"line":11,"column":31}},"7":{"start":{"line":12,"column":8},"end":{"line":14,"column":null}},"8":{"start":{"line":13,"column":12},"end":{"line":13,"column":null}},"9":{"start":{"line":14,"column":12},"end":{"line":14,"column":null}},"10":{"start":{"line":18,"column":10},"end":{"line":24,"column":null}},"11":{"start":{"line":19,"column":8},"end":{"line":24,"column":null}},"12":{"start":{"line":20,"column":12},"end":{"line":23,"column":null}},"13":{"start":{"line":24,"column":12},"end":{"line":24,"column":null}},"14":{"start":{"line":28,"column":10},"end":{"line":32,"column":null}},"15":{"start":{"line":29,"column":8},"end":{"line":32,"column":null}},"16":{"start":{"line":31,"column":75},"end":{"line":31,"column":null}},"17":{"start":{"line":35,"column":10},"end":{"line":41,"column":null}},"18":{"start":{"line":36,"column":8},"end":{"line":41,"column":null}},"19":{"start":{"line":37,"column":12},"end":{"line":40,"column":null}},"20":{"start":{"line":41,"column":12},"end":{"line":41,"column":null}},"21":{"start":{"line":45,"column":10},"end":{"line":49,"column":null}},"22":{"start":{"line":46,"column":8},"end":{"line":49,"column":null}},"23":{"start":{"line":48,"column":71},"end":{"line":48,"column":null}},"24":{"start":{"line":52,"column":4},"end":{"line":244,"column":null}},"25":{"start":{"line":71,"column":45},"end":{"line":71,"column":106}},"26":{"start":{"line":84,"column":32},"end":{"line":94,"column":null}},"27":{"start":{"line":86,"column":51},"end":{"line":86,"column":83}},"28":{"start":{"line":105,"column":49},"end":{"line":105,"column":82}},"29":{"start":{"line":106,"column":50},"end":{"line":106,"column":95}},"30":{"start":{"line":120,"column":36},"end":{"line":125,"column":null}},"31":{"start":{"line":122,"column":63},"end":{"line":122,"column":93}},"32":{"start":{"line":137,"column":49},"end":{"line":137,"column":80}},"33":{"start":{"line":138,"column":50},"end":{"line":138,"column":93}},"34":{"start":{"line":152,"column":36},"end":{"line":157,"column":null}},"35":{"start":{"line":154,"column":63},"end":{"line":154,"column":91}},"36":{"start":{"line":178,"column":35},"end":{"line":178,"column":54}},"37":{"start":{"line":182,"column":40},"end":{"line":182,"column":59}},"38":{"start":{"line":186,"column":47},"end":{"line":186,"column":66}},"39":{"start":{"line":215,"column":40},"end":{"line":218,"column":null}},"40":{"start":{"line":226,"column":40},"end":{"line":226,"column":null}},"41":{"start":{"line":227,"column":40},"end":{"line":227,"column":null}}},"fnMap":{"0":{"name":"(anonymous_0)","decl":{"start":{"line":4,"column":6},"end":{"line":4,"column":22}},"loc":{"start":{"line":4,"column":81},"end":{"line":244,"column":null}},"line":4},"1":{"name":"(anonymous_1)","decl":{"start":{"line":10,"column":10},"end":{"line":10,"column":29}},"loc":{"start":{"line":10,"column":29},"end":{"line":14,"column":null}},"line":10},"2":{"name":"(anonymous_2)","decl":{"start":{"line":18,"column":10},"end":{"line":18,"column":41}},"loc":{"start":{"line":18,"column":41},"end":{"line":24,"column":null}},"line":18},"3":{"name":"(anonymous_3)","decl":{"start":{"line":28,"column":10},"end":{"line":28,"column":39}},"loc":{"start":{"line":28,"column":47},"end":{"line":32,"column":null}},"line":28},"4":{"name":"(anonymous_4)","decl":{"start":{"line":31,"column":63},"end":{"line":31,"column":70}},"loc":{"start":{"line":31,"column":75},"end":{"line":31,"column":null}},"line":31},"5":{"name":"(anonymous_5)","decl":{"start":{"line":35,"column":10},"end":{"line":35,"column":39}},"loc":{"start":{"line":35,"column":39},"end":{"line":41,"column":null}},"line":35},"6":{"name":"(anonymous_6)","decl":{"start":{"line":45,"column":10},"end":{"line":45,"column":37}},"loc":{"start":{"line":45,"column":45},"end":{"line":49,"column":null}},"line":45},"7":{"name":"(anonymous_7)","decl":{"start":{"line":48,"column":59},"end":{"line":48,"column":66}},"loc":{"start":{"line":48,"column":71},"end":{"line":48,"column":null}},"line":48},"8":{"name":"(anonymous_8)","decl":{"start":{"line":71,"column":28},"end":{"line":71,"column":39}},"loc":{"start":{"line":71,"column":45},"end":{"line":71,"column":106}},"line":71},"9":{"name":"(anonymous_9)","decl":{"start":{"line":83,"column":124},"end":{"line":83,"column":129}},"loc":{"start":{"line":84,"column":32},"end":{"line":94,"column":null}},"line":84},"10":{"name":"(anonymous_10)","decl":{"start":{"line":86,"column":36},"end":{"line":86,"column":51}},"loc":{"start":{"line":86,"column":51},"end":{"line":86,"column":83}},"line":86},"11":{"name":"(anonymous_11)","decl":{"start":{"line":105,"column":32},"end":{"line":105,"column":43}},"loc":{"start":{"line":105,"column":49},"end":{"line":105,"column":82}},"line":105},"12":{"name":"(anonymous_12)","decl":{"start":{"line":106,"column":32},"end":{"line":106,"column":44}},"loc":{"start":{"line":106,"column":50},"end":{"line":106,"column":95}},"line":106},"13":{"name":"(anonymous_13)","decl":{"start":{"line":119,"column":62},"end":{"line":119,"column":67}},"loc":{"start":{"line":120,"column":36},"end":{"line":125,"column":null}},"line":120},"14":{"name":"(anonymous_14)","decl":{"start":{"line":122,"column":48},"end":{"line":122,"column":63}},"loc":{"start":{"line":122,"column":63},"end":{"line":122,"column":93}},"line":122},"15":{"name":"(anonymous_15)","decl":{"start":{"line":137,"column":32},"end":{"line":137,"column":43}},"loc":{"start":{"line":137,"column":49},"end":{"line":137,"column":80}},"line":137},"16":{"name":"(anonymous_16)","decl":{"start":{"line":138,"column":32},"end":{"line":138,"column":44}},"loc":{"start":{"line":138,"column":50},"end":{"line":138,"column":93}},"line":138},"17":{"name":"(anonymous_17)","decl":{"start":{"line":151,"column":60},"end":{"line":151,"column":65}},"loc":{"start":{"line":152,"column":36},"end":{"line":157,"column":null}},"line":152},"18":{"name":"(anonymous_18)","decl":{"start":{"line":154,"column":48},"end":{"line":154,"column":63}},"loc":{"start":{"line":154,"column":63},"end":{"line":154,"column":91}},"line":154},"19":{"name":"(anonymous_19)","decl":{"start":{"line":178,"column":20},"end":{"line":178,"column":35}},"loc":{"start":{"line":178,"column":35},"end":{"line":178,"column":54}},"line":178},"20":{"name":"(anonymous_20)","decl":{"start":{"line":182,"column":24},"end":{"line":182,"column":34}},"loc":{"start":{"line":182,"column":40},"end":{"line":182,"column":59}},"line":182},"21":{"name":"(anonymous_21)","decl":{"start":{"line":186,"column":32},"end":{"line":186,"column":47}},"loc":{"start":{"line":186,"column":47},"end":{"line":186,"column":66}},"line":186},"22":{"name":"(anonymous_22)","decl":{"start":{"line":214,"column":64},"end":{"line":214,"column":69}},"loc":{"start":{"line":215,"column":40},"end":{"line":218,"column":null}},"line":215},"23":{"name":"(anonymous_23)","decl":{"start":{"line":225,"column":36},"end":{"line":225,"column":51}},"loc":{"start":{"line":225,"column":51},"end":{"line":227,"column":null}},"line":225}},"branchMap":{"0":{"loc":{"start":{"line":12,"column":8},"end":{"line":14,"column":null}},"type":"if","locations":[{"start":{"line":12,"column":8},"end":{"line":14,"column":null}},{"start":{},"end":{}}],"line":12},"1":{"loc":{"start":{"line":19,"column":8},"end":{"line":24,"column":null}},"type":"if","locations":[{"start":{"line":19,"column":8},"end":{"line":24,"column":null}},{"start":{},"end":{}}],"line":19},"2":{"loc":{"start":{"line":22,"column":43},"end":{"line":22,"column":77}},"type":"binary-expr","locations":[{"start":{"line":22,"column":43},"end":{"line":22,"column":75}},{"start":{"line":22,"column":75},"end":{"line":22,"column":77}}],"line":22},"3":{"loc":{"start":{"line":36,"column":8},"end":{"line":41,"column":null}},"type":"if","locations":[{"start":{"line":36,"column":8},"end":{"line":41,"column":null}},{"start":{},"end":{}}],"line":36},"4":{"loc":{"start":{"line":88,"column":40},"end":{"line":90,"column":null}},"type":"cond-expr","locations":[{"start":{"line":89,"column":46},"end":{"line":89,"column":null}},{"start":{"line":90,"column":46},"end":{"line":90,"column":null}}],"line":88},"5":{"loc":{"start":{"line":93,"column":37},"end":{"line":93,"column":null}},"type":"binary-expr","locations":[{"start":{"line":93,"column":37},"end":{"line":93,"column":45}},{"start":{"line":93,"column":45},"end":{"line":93,"column":null}}],"line":93},"6":{"loc":{"start":{"line":85,"column":41},"end":{"line":85,"column":null}},"type":"binary-expr","locations":[{"start":{"line":85,"column":41},"end":{"line":85,"column":49}},{"start":{"line":85,"column":49},"end":{"line":85,"column":null}}],"line":85},"7":{"loc":{"start":{"line":106,"column":50},"end":{"line":106,"column":95}},"type":"binary-expr","locations":[{"start":{"line":106,"column":50},"end":{"line":106,"column":71}},{"start":{"line":106,"column":71},"end":{"line":106,"column":95}}],"line":106},"8":{"loc":{"start":{"line":117,"column":25},"end":{"line":125,"column":null}},"type":"binary-expr","locations":[{"start":{"line":117,"column":25},"end":{"line":117,"column":null}},{"start":{"line":118,"column":28},"end":{"line":125,"column":null}}],"line":117},"9":{"loc":{"start":{"line":138,"column":50},"end":{"line":138,"column":93}},"type":"binary-expr","locations":[{"start":{"line":138,"column":50},"end":{"line":138,"column":71}},{"start":{"line":138,"column":71},"end":{"line":138,"column":93}}],"line":138},"10":{"loc":{"start":{"line":149,"column":25},"end":{"line":157,"column":null}},"type":"binary-expr","locations":[{"start":{"line":149,"column":25},"end":{"line":149,"column":null}},{"start":{"line":150,"column":28},"end":{"line":157,"column":null}}],"line":149},"11":{"loc":{"start":{"line":174,"column":13},"end":{"line":242,"column":null}},"type":"binary-expr","locations":[{"start":{"line":174,"column":13},"end":{"line":174,"column":26}},{"start":{"line":174,"column":26},"end":{"line":174,"column":null}},{"start":{"line":175,"column":16},"end":{"line":242,"column":null}}],"line":174},"12":{"loc":{"start":{"line":192,"column":29},"end":{"line":194,"column":null}},"type":"binary-expr","locations":[{"start":{"line":192,"column":29},"end":{"line":192,"column":null}},{"start":{"line":193,"column":32},"end":{"line":194,"column":null}}],"line":192}},"s":{"0":1,"1":63,"2":63,"3":63,"4":63,"5":63,"6":8,"7":8,"8":6,"9":6,"10":63,"11":3,"12":2,"13":2,"14":63,"15":1,"16":2,"17":63,"18":3,"19":2,"20":2,"21":63,"22":1,"23":2,"24":63,"25":0,"26":441,"27":2,"28":15,"29":16,"30":3,"31":1,"32":13,"33":14,"34":3,"35":1,"36":1,"37":2,"38":0,"39":18,"40":1,"41":1},"f":{"0":63,"1":8,"2":3,"3":1,"4":2,"5":3,"6":1,"7":2,"8":0,"9":441,"10":2,"11":15,"12":16,"13":3,"14":1,"15":13,"16":14,"17":3,"18":1,"19":1,"20":2,"21":0,"22":18,"23":1},"b":{"0":[6,2],"1":[2,1],"2":[2,0],"3":[2,1],"4":[63,378],"5":[441,63],"6":[441,63],"7":[16,1],"8":[63,2],"9":[14,1],"10":[63,2],"11":[63,6,6],"12":[6,6]},"meta":{"lastBranch":13,"lastFunction":24,"lastStatement":42,"seen":{"s:4:6:244:Infinity":0,"f:4:6:4:22":0,"s:5:27:5:62":1,"s:6:25:6:56":2,"s:7:27:7:60":3,"s:8:22:8:53":4,"s:10:10:14:Infinity":5,"f:10:10:10:29":1,"s:11:23:11:31":6,"b:12:8:14:Infinity:undefined:undefined:undefined:undefined":0,"s:12:8:14:Infinity":7,"s:13:12:13:Infinity":8,"s:14:12:14:Infinity":9,"s:18:10:24:Infinity":10,"f:18:10:18:41":2,"b:19:8:24:Infinity:undefined:undefined:undefined:undefined":1,"s:19:8:24:Infinity":11,"s:20:12:23:Infinity":12,"b:22:43:22:75:22:75:22:77":2,"s:24:12:24:Infinity":13,"s:28:10:32:Infinity":14,"f:28:10:28:39":3,"s:29:8:32:Infinity":15,"f:31:63:31:70":4,"s:31:75:31:Infinity":16,"s:35:10:41:Infinity":17,"f:35:10:35:39":5,"b:36:8:41:Infinity:undefined:undefined:undefined:undefined":3,"s:36:8:41:Infinity":18,"s:37:12:40:Infinity":19,"s:41:12:41:Infinity":20,"s:45:10:49:Infinity":21,"f:45:10:45:37":6,"s:46:8:49:Infinity":22,"f:48:59:48:66":7,"s:48:71:48:Infinity":23,"s:52:4:244:Infinity":24,"f:71:28:71:39":8,"s:71:45:71:106":25,"f:83:124:83:129":9,"s:84:32:94:Infinity":26,"f:86:36:86:51":10,"s:86:51:86:83":27,"b:89:46:89:Infinity:90:46:90:Infinity":4,"b:93:37:93:45:93:45:93:Infinity":5,"b:85:41:85:49:85:49:85:Infinity":6,"f:105:32:105:43":11,"s:105:49:105:82":28,"f:106:32:106:44":12,"s:106:50:106:95":29,"b:106:50:106:71:106:71:106:95":7,"b:117:25:117:Infinity:118:28:125:Infinity":8,"f:119:62:119:67":13,"s:120:36:125:Infinity":30,"f:122:48:122:63":14,"s:122:63:122:93":31,"f:137:32:137:43":15,"s:137:49:137:80":32,"f:138:32:138:44":16,"s:138:50:138:93":33,"b:138:50:138:71:138:71:138:93":9,"b:149:25:149:Infinity:150:28:157:Infinity":10,"f:151:60:151:65":17,"s:152:36:157:Infinity":34,"f:154:48:154:63":18,"s:154:63:154:91":35,"b:174:13:174:26:174:26:174:Infinity:175:16:242:Infinity":11,"f:178:20:178:35":19,"s:178:35:178:54":36,"f:182:24:182:34":20,"s:182:40:182:59":37,"f:186:32:186:47":21,"s:186:47:186:66":38,"b:192:29:192:Infinity:193:32:194:Infinity":12,"f:214:64:214:69":22,"s:215:40:218:Infinity":39,"f:225:36:225:51":23,"s:226:40:226:Infinity":40,"s:227:40:227:Infinity":41}}}
,"/Users/pat/Documents/RecipeBook/client/src/components/ResetPassword.jsx": {"path":"/Users/pat/Documents/RecipeBook/client/src/components/ResetPassword.jsx","statementMap":{"0":{"start":{"line":5,"column":6},"end":{"line":143,"column":null}},"1":{"start":{"line":6,"column":21},"end":{"line":6,"column":48}},"2":{"start":{"line":7,"column":28},"end":{"line":7,"column":62}},"3":{"start":{"line":8,"column":25},"end":{"line":8,"column":59}},"4":{"start":{"line":9,"column":24},"end":{"line":9,"column":57}},"5":{"start":{"line":10,"column":20},"end":{"line":10,"column":49}},"6":{"start":{"line":11,"column":18},"end":{"line":11,"column":42}},"7":{"start":{"line":12,"column":20},"end":{"line":12,"column":49}},"8":{"start":{"line":14,"column":18},"end":{"line":14,"column":74}},"9":{"start":{"line":16,"column":25},"end":{"line":36,"column":null}},"10":{"start":{"line":17,"column":8},"end":{"line":17,"column":null}},"11":{"start":{"line":18,"column":8},"end":{"line":18,"column":null}},"12":{"start":{"line":20,"column":8},"end":{"line":22,"column":null}},"13":{"start":{"line":21,"column":12},"end":{"line":21,"column":null}},"14":{"start":{"line":22,"column":12},"end":{"line":22,"column":null}},"15":{"start":{"line":25,"column":8},"end":{"line":25,"column":null}},"16":{"start":{"line":27,"column":8},"end":{"line":36,"column":null}},"17":{"start":{"line":28,"column":12},"end":{"line":31,"column":null}},"18":{"start":{"line":32,"column":12},"end":{"line":32,"column":null}},"19":{"start":{"line":34,"column":12},"end":{"line":34,"column":null}},"20":{"start":{"line":36,"column":12},"end":{"line":36,"column":null}},"21":{"start":{"line":40,"column":4},"end":{"line":54,"column":null}},"22":{"start":{"line":41,"column":8},"end":{"line":54,"column":null}},"23":{"start":{"line":58,"column":4},"end":{"line":72,"column":null}},"24":{"start":{"line":59,"column":8},"end":{"line":72,"column":null}},"25":{"start":{"line":76,"column":4},"end":{"line":143,"column":null}},"26":{"start":{"line":92,"column":49},"end":{"line":92,"column":76}},"27":{"start":{"line":99,"column":47},"end":{"line":99,"column":77}},"28":{"start":{"line":113,"column":49},"end":{"line":113,"column":83}},"29":{"start":{"line":120,"column":47},"end":{"line":120,"column":75}}},"fnMap":{"0":{"name":"(anonymous_0)","decl":{"start":{"line":5,"column":6},"end":{"line":5,"column":23}},"loc":{"start":{"line":5,"column":42},"end":{"line":143,"column":null}},"line":5},"1":{"name":"(anonymous_1)","decl":{"start":{"line":16,"column":25},"end":{"line":16,"column":32}},"loc":{"start":{"line":16,"column":38},"end":{"line":36,"column":null}},"line":16},"2":{"name":"(anonymous_2)","decl":{"start":{"line":92,"column":32},"end":{"line":92,"column":43}},"loc":{"start":{"line":92,"column":49},"end":{"line":92,"column":76}},"line":92},"3":{"name":"(anonymous_3)","decl":{"start":{"line":99,"column":32},"end":{"line":99,"column":47}},"loc":{"start":{"line":99,"column":47},"end":{"line":99,"column":77}},"line":99},"4":{"name":"(anonymous_4)","decl":{"start":{"line":113,"column":32},"end":{"line":113,"column":43}},"loc":{"start":{"line":113,"column":49},"end":{"line":113,"column":83}},"line":113},"5":{"name":"(anonymous_5)","decl":{"start":{"line":120,"column":32},"end":{"line":120,"column":47}},"loc":{"start":{"line":120,"column":47},"end":{"line":120,"column":75}},"line":120}},"branchMap":{"0":{"loc":{"start":{"line":20,"column":8},"end":{"line":22,"column":null}},"type":"if","locations":[{"start":{"line":20,"column":8},"end":{"line":22,"column":null}},{"start":{},"end":{}}],"line":20},"1":{"loc":{"start":{"line":40,"column":4},"end":{"line":54,"column":null}},"type":"if","locations":[{"start":{"line":40,"column":4},"end":{"line":54,"column":null}},{"start":{},"end":{}}],"line":40},"2":{"loc":{"start":{"line":58,"column":4},"end":{"line":72,"column":null}},"type":"if","locations":[{"start":{"line":58,"column":4},"end":{"line":72,"column":null}},{"start":{},"end":{}}],"line":58},"3":{"loc":{"start":{"line":90,"column":38},"end":{"line":90,"column":null}},"type":"cond-expr","locations":[{"start":{"line":90,"column":53},"end":{"line":90,"column":62}},{"start":{"line":90,"column":62},"end":{"line":90,"column":null}}],"line":90},"4":{"loc":{"start":{"line":102,"column":33},"end":{"line":102,"column":null}},"type":"cond-expr","locations":[{"start":{"line":102,"column":48},"end":{"line":102,"column":81}},{"start":{"line":102,"column":81},"end":{"line":102,"column":null}}],"line":102},"5":{"loc":{"start":{"line":111,"column":38},"end":{"line":111,"column":null}},"type":"cond-expr","locations":[{"start":{"line":111,"column":52},"end":{"line":111,"column":61}},{"start":{"line":111,"column":61},"end":{"line":111,"column":null}}],"line":111},"6":{"loc":{"start":{"line":123,"column":33},"end":{"line":123,"column":null}},"type":"cond-expr","locations":[{"start":{"line":123,"column":47},"end":{"line":123,"column":80}},{"start":{"line":123,"column":80},"end":{"line":123,"column":null}}],"line":123},"7":{"loc":{"start":{"line":128,"column":21},"end":{"line":131,"column":null}},"type":"binary-expr","locations":[{"start":{"line":128,"column":21},"end":{"line":128,"column":null}},{"start":{"line":129,"column":24},"end":{"line":131,"column":null}}],"line":128},"8":{"loc":{"start":{"line":139,"column":25},"end":{"line":139,"column":null}},"type":"cond-expr","locations":[{"start":{"line":139,"column":35},"end":{"line":139,"column":54}},{"start":{"line":139,"column":54},"end":{"line":139,"column":null}}],"line":139}},"s":{"0":1,"1":282,"2":282,"3":282,"4":282,"5":282,"6":282,"7":282,"8":282,"9":282,"10":9,"11":9,"12":9,"13":1,"14":1,"15":8,"16":8,"17":8,"18":5,"19":2,"20":7,"21":282,"22":3,"23":279,"24":5,"25":274,"26":120,"27":1,"28":126,"29":2},"f":{"0":282,"1":9,"2":120,"3":1,"4":126,"5":2},"b":{"0":[1,8],"1":[3,279],"2":[5,274],"3":[1,273],"4":[1,273],"5":[1,273],"6":[1,273],"7":[282,3],"8":[8,266]},"meta":{"lastBranch":9,"lastFunction":6,"lastStatement":30,"seen":{"s:5:6:143:Infinity":0,"f:5:6:5:23":0,"s:6:21:6:48":1,"s:7:28:7:62":2,"s:8:25:8:59":3,"s:9:24:9:57":4,"s:10:20:10:49":5,"s:11:18:11:42":6,"s:12:20:12:49":7,"s:14:18:14:74":8,"s:16:25:36:Infinity":9,"f:16:25:16:32":1,"s:17:8:17:Infinity":10,"s:18:8:18:Infinity":11,"b:20:8:22:Infinity:undefined:undefined:undefined:undefined":0,"s:20:8:22:Infinity":12,"s:21:12:21:Infinity":13,"s:22:12:22:Infinity":14,"s:25:8:25:Infinity":15,"s:27:8:36:Infinity":16,"s:28:12:31:Infinity":17,"s:32:12:32:Infinity":18,"s:34:12:34:Infinity":19,"s:36:12:36:Infinity":20,"b:40:4:54:Infinity:undefined:undefined:undefined:undefined":1,"s:40:4:54:Infinity":21,"s:41:8:54:Infinity":22,"b:58:4:72:Infinity:undefined:undefined:undefined:undefined":2,"s:58:4:72:Infinity":23,"s:59:8:72:Infinity":24,"s:76:4:143:Infinity":25,"b:90:53:90:62:90:62:90:Infinity":3,"f:92:32:92:43":2,"s:92:49:92:76":26,"f:99:32:99:47":3,"s:99:47:99:77":27,"b:102:48:102:81:102:81:102:Infinity":4,"b:111:52:111:61:111:61:111:Infinity":5,"f:113:32:113:43":4,"s:113:49:113:83":28,"f:120:32:120:47":5,"s:120:47:120:75":29,"b:123:47:123:80:123:80:123:Infinity":6,"b:128:21:128:Infinity:129:24:131:Infinity":7,"b:139:35:139:54:139:54:139:Infinity":8}}}
,"/Users/pat/Documents/RecipeBook/client/src/components/VerifyEmail.jsx": {"path":"/Users/pat/Documents/RecipeBook/client/src/components/VerifyEmail.jsx","statementMap":{"0":{"start":{"line":5,"column":6},"end":{"line":66,"column":null}},"1":{"start":{"line":6,"column":19},"end":{"line":6,"column":51}},"2":{"start":{"line":8,"column":4},"end":{"line":20,"column":null}},"3":{"start":{"line":9,"column":23},"end":{"line":9,"column":66}},"4":{"start":{"line":10,"column":22},"end":{"line":10,"column":41}},"5":{"start":{"line":12,"column":8},"end":{"line":14,"column":null}},"6":{"start":{"line":13,"column":12},"end":{"line":13,"column":null}},"7":{"start":{"line":14,"column":12},"end":{"line":14,"column":null}},"8":{"start":{"line":17,"column":8},"end":{"line":19,"column":null}},"9":{"start":{"line":18,"column":24},"end":{"line":18,"column":44}},"10":{"start":{"line":19,"column":25},"end":{"line":19,"column":43}},"11":{"start":{"line":22,"column":4},"end":{"line":29,"column":null}},"12":{"start":{"line":23,"column":8},"end":{"line":29,"column":null}},"13":{"start":{"line":33,"column":4},"end":{"line":47,"column":null}},"14":{"start":{"line":34,"column":8},"end":{"line":47,"column":null}},"15":{"start":{"line":51,"column":4},"end":{"line":66,"column":null}}},"fnMap":{"0":{"name":"(anonymous_0)","decl":{"start":{"line":5,"column":6},"end":{"line":5,"column":21}},"loc":{"start":{"line":5,"column":40},"end":{"line":66,"column":null}},"line":5},"1":{"name":"(anonymous_1)","decl":{"start":{"line":8,"column":4},"end":{"line":8,"column":20}},"loc":{"start":{"line":8,"column":20},"end":{"line":20,"column":9}},"line":8},"2":{"name":"(anonymous_2)","decl":{"start":{"line":18,"column":13},"end":{"line":18,"column":24}},"loc":{"start":{"line":18,"column":24},"end":{"line":18,"column":44}},"line":18},"3":{"name":"(anonymous_3)","decl":{"start":{"line":19,"column":13},"end":{"line":19,"column":25}},"loc":{"start":{"line":19,"column":25},"end":{"line":19,"column":43}},"line":19}},"branchMap":{"0":{"loc":{"start":{"line":12,"column":8},"end":{"line":14,"column":null}},"type":"if","locations":[{"start":{"line":12,"column":8},"end":{"line":14,"column":null}},{"start":{},"end":{}}],"line":12},"1":{"loc":{"start":{"line":22,"column":4},"end":{"line":29,"column":null}},"type":"if","locations":[{"start":{"line":22,"column":4},"end":{"line":29,"column":null}},{"start":{},"end":{}}],"line":22},"2":{"loc":{"start":{"line":33,"column":4},"end":{"line":47,"column":null}},"type":"if","locations":[{"start":{"line":33,"column":4},"end":{"line":47,"column":null}},{"start":{},"end":{}}],"line":33}},"s":{"0":1,"1":24,"2":24,"3":13,"4":13,"5":13,"6":4,"7":4,"8":9,"9":3,"10":4,"11":24,"12":13,"13":11,"14":8,"15":3},"f":{"0":24,"1":13,"2":3,"3":4},"b":{"0":[4,9],"1":[13,11],"2":[8,3]},"meta":{"lastBranch":3,"lastFunction":4,"lastStatement":16,"seen":{"s:5:6:66:Infinity":0,"f:5:6:5:21":0,"s:6:19:6:51":1,"s:8:4:20:Infinity":2,"f:8:4:8:20":1,"s:9:23:9:66":3,"s:10:22:10:41":4,"b:12:8:14:Infinity:undefined:undefined:undefined:undefined":0,"s:12:8:14:Infinity":5,"s:13:12:13:Infinity":6,"s:14:12:14:Infinity":7,"s:17:8:19:Infinity":8,"f:18:13:18:24":2,"s:18:24:18:44":9,"f:19:13:19:25":3,"s:19:25:19:43":10,"b:22:4:29:Infinity:undefined:undefined:undefined:undefined":1,"s:22:4:29:Infinity":11,"s:23:8:29:Infinity":12,"b:33:4:47:Infinity:undefined:undefined:undefined:undefined":2,"s:33:4:47:Infinity":13,"s:34:8:47:Infinity":14,"s:51:4:66:Infinity":15}}}
,"/Users/pat/Documents/RecipeBook/client/src/utils/portionCalculator.js": {"path":"/Users/pat/Documents/RecipeBook/client/src/utils/portionCalculator.js","statementMap":{"0":{"start":{"line":9,"column":13},"end":{"line":37,"column":null}},"1":{"start":{"line":10,"column":18},"end":{"line":10,"column":null}},"2":{"start":{"line":13,"column":26},"end":{"line":13,"column":null}},"3":{"start":{"line":15,"column":4},"end":{"line":37,"column":null}},"4":{"start":{"line":19,"column":8},"end":{"line":23,"column":null}},"5":{"start":{"line":20,"column":45},"end":{"line":20,"column":73}},"6":{"start":{"line":21,"column":12},"end":{"line":21,"column":null}},"7":{"start":{"line":23,"column":12},"end":{"line":23,"column":null}},"8":{"start":{"line":26,"column":23},"end":{"line":26,"column":null}},"9":{"start":{"line":29,"column":8},"end":{"line":33,"column":null}},"10":{"start":{"line":30,"column":10},"end":{"line":30,"column":null}},"11":{"start":{"line":31,"column":19},"end":{"line":33,"column":null}},"12":{"start":{"line":33,"column":10},"end":{"line":33,"column":null}},"13":{"start":{"line":36,"column":8},"end":{"line":36,"column":null}},"14":{"start":{"line":46,"column":6},"end":{"line":61,"column":null}},"15":{"start":{"line":47,"column":22},"end":{"line":54,"column":null}},"16":{"start":{"line":56,"column":4},"end":{"line":58,"column":null}},"17":{"start":{"line":57,"column":8},"end":{"line":58,"column":null}},"18":{"start":{"line":58,"column":12},"end":{"line":58,"column":null}},"19":{"start":{"line":61,"column":4},"end":{"line":61,"column":null}},"20":{"start":{"line":70,"column":6},"end":{"line":71,"column":null}},"21":{"start":{"line":71,"column":4},"end":{"line":71,"column":null}},"22":{"start":{"line":82,"column":13},"end":{"line":85,"column":null}},"23":{"start":{"line":83,"column":4},"end":{"line":85,"column":null}},"24":{"start":{"line":84,"column":8},"end":{"line":84,"column":59}}},"fnMap":{"0":{"name":"(anonymous_0)","decl":{"start":{"line":9,"column":13},"end":{"line":9,"column":32}},"loc":{"start":{"line":9,"column":78},"end":{"line":37,"column":null}},"line":9},"1":{"name":"(anonymous_1)","decl":{"start":{"line":15,"column":30},"end":{"line":15,"column":46}},"loc":{"start":{"line":15,"column":56},"end":{"line":37,"column":null}},"line":15},"2":{"name":"(anonymous_2)","decl":{"start":{"line":46,"column":6},"end":{"line":46,"column":27}},"loc":{"start":{"line":46,"column":39},"end":{"line":61,"column":null}},"line":46},"3":{"name":"(anonymous_3)","decl":{"start":{"line":70,"column":6},"end":{"line":70,"column":23}},"loc":{"start":{"line":70,"column":31},"end":{"line":71,"column":null}},"line":70},"4":{"name":"(anonymous_4)","decl":{"start":{"line":82,"column":13},"end":{"line":82,"column":33}},"loc":{"start":{"line":82,"column":80},"end":{"line":85,"column":null}},"line":82},"5":{"name":"(anonymous_5)","decl":{"start":{"line":83,"column":23},"end":{"line":83,"column":27}},"loc":{"start":{"line":84,"column":8},"end":{"line":84,"column":59}},"line":84}},"branchMap":{"0":{"loc":{"start":{"line":19,"column":8},"end":{"line":23,"column":null}},"type":"if","locations":[{"start":{"line":19,"column":8},"end":{"line":23,"column":null}},{"start":{"line":22,"column":15},"end":{"line":23,"column":null}}],"line":19},"1":{"loc":{"start":{"line":29,"column":8},"end":{"line":33,"column":null}},"type":"if","locations":[{"start":{"line":29,"column":8},"end":{"line":33,"column":null}},{"start":{"line":31,"column":19},"end":{"line":33,"column":null}}],"line":29},"2":{"loc":{"start":{"line":31,"column":19},"end":{"line":33,"column":null}},"type":"if","locations":[{"start":{"line":31,"column":19},"end":{"line":33,"column":null}},{"start":{},"end":{}}],"line":31},"3":{"loc":{"start":{"line":33,"column":17},"end":{"line":33,"column":67}},"type":"binary-expr","locations":[{"start":{"line":33,"column":17},"end":{"line":33,"column":42}},{"start":{"line":33,"column":46},"end":{"line":33,"column":67}}],"line":33},"4":{"loc":{"start":{"line":57,"column":8},"end":{"line":58,"column":null}},"type":"if","locations":[{"start":{"line":57,"column":8},"end":{"line":58,"column":null}},{"start":{},"end":{}}],"line":57}},"s":{"0":2,"1":84,"2":84,"3":84,"4":81,"5":6,"6":6,"7":75,"8":81,"9":81,"10":54,"11":27,"12":13,"13":14,"14":2,"15":13,"16":13,"17":40,"18":13,"19":0,"20":2,"21":14,"22":2,"23":5,"24":11},"f":{"0":84,"1":81,"2":13,"3":14,"4":5,"5":11},"b":{"0":[6,75],"1":[54,27],"2":[13,14],"3":[13,0],"4":[13,27]},"meta":{"lastBranch":5,"lastFunction":6,"lastStatement":25,"seen":{"s:9:13:37:Infinity":0,"f:9:13:9:32":0,"s:10:18:10:Infinity":1,"s:13:26:13:Infinity":2,"s:15:4:37:Infinity":3,"f:15:30:15:46":1,"b:19:8:23:Infinity:22:15:23:Infinity":0,"s:19:8:23:Infinity":4,"s:20:45:20:73":5,"s:21:12:21:Infinity":6,"s:23:12:23:Infinity":7,"s:26:23:26:Infinity":8,"b:29:8:33:Infinity:31:19:33:Infinity":1,"s:29:8:33:Infinity":9,"s:30:10:30:Infinity":10,"b:31:19:33:Infinity:undefined:undefined:undefined:undefined":2,"s:31:19:33:Infinity":11,"s:33:10:33:Infinity":12,"b:33:17:33:42:33:46:33:67":3,"s:36:8:36:Infinity":13,"s:46:6:61:Infinity":14,"f:46:6:46:27":2,"s:47:22:54:Infinity":15,"s:56:4:58:Infinity":16,"b:57:8:58:Infinity:undefined:undefined:undefined:undefined":4,"s:57:8:58:Infinity":17,"s:58:12:58:Infinity":18,"s:61:4:61:Infinity":19,"s:70:6:71:Infinity":20,"f:70:6:70:23":3,"s:71:4:71:Infinity":21,"s:82:13:85:Infinity":22,"f:82:13:82:33":4,"s:83:4:85:Infinity":23,"f:83:23:83:27":5,"s:84:8:84:59":24}}}
,"/Users/pat/Documents/RecipeBook/client/src/utils/storage.js": {"path":"/Users/pat/Documents/RecipeBook/client/src/utils/storage.js","statementMap":{"0":{"start":{"line":3,"column":30},"end":{"line":9,"column":null}},"1":{"start":{"line":4,"column":4},"end":{"line":9,"column":null}},"2":{"start":{"line":5,"column":24},"end":{"line":5,"column":49}},"3":{"start":{"line":6,"column":8},"end":{"line":6,"column":null}},"4":{"start":{"line":8,"column":8},"end":{"line":8,"column":null}},"5":{"start":{"line":9,"column":8},"end":{"line":9,"column":null}},"6":{"start":{"line":13,"column":26},"end":{"line":34,"column":null}},"7":{"start":{"line":14,"column":4},"end":{"line":34,"column":null}},"8":{"start":{"line":15,"column":8},"end":{"line":16,"column":null}},"9":{"start":{"line":16,"column":12},"end":{"line":16,"column":null}},"10":{"start":{"line":19,"column":8},"end":{"line":30,"column":null}},"11":{"start":{"line":20,"column":28},"end":{"line":23,"column":14}},"12":{"start":{"line":24,"column":12},"end":{"line":24,"column":null}},"13":{"start":{"line":26,"column":28},"end":{"line":29,"column":14}},"14":{"start":{"line":30,"column":12},"end":{"line":30,"column":null}},"15":{"start":{"line":33,"column":8},"end":{"line":33,"column":null}},"16":{"start":{"line":34,"column":8},"end":{"line":34,"column":null}},"17":{"start":{"line":38,"column":28},"end":{"line":49,"column":null}},"18":{"start":{"line":39,"column":4},"end":{"line":49,"column":null}},"19":{"start":{"line":40,"column":8},"end":{"line":41,"column":null}},"20":{"start":{"line":41,"column":12},"end":{"line":41,"column":null}},"21":{"start":{"line":44,"column":8},"end":{"line":46,"column":null}},"22":{"start":{"line":48,"column":8},"end":{"line":48,"column":null}},"23":{"start":{"line":49,"column":8},"end":{"line":49,"column":null}},"24":{"start":{"line":53,"column":25},"end":{"line":63,"column":null}},"25":{"start":{"line":54,"column":4},"end":{"line":55,"column":null}},"26":{"start":{"line":55,"column":8},"end":{"line":55,"column":null}},"27":{"start":{"line":58,"column":4},"end":{"line":63,"column":null}},"28":{"start":{"line":59,"column":23},"end":{"line":59,"column":54}},"29":{"start":{"line":60,"column":8},"end":{"line":60,"column":null}},"30":{"start":{"line":62,"column":8},"end":{"line":62,"column":null}},"31":{"start":{"line":63,"column":8},"end":{"line":63,"column":null}}},"fnMap":{"0":{"name":"(anonymous_0)","decl":{"start":{"line":3,"column":30},"end":{"line":3,"column":42}},"loc":{"start":{"line":3,"column":42},"end":{"line":9,"column":null}},"line":3},"1":{"name":"(anonymous_1)","decl":{"start":{"line":13,"column":26},"end":{"line":13,"column":33}},"loc":{"start":{"line":13,"column":44},"end":{"line":34,"column":null}},"line":13},"2":{"name":"(anonymous_2)","decl":{"start":{"line":38,"column":28},"end":{"line":38,"column":35}},"loc":{"start":{"line":38,"column":42},"end":{"line":49,"column":null}},"line":38},"3":{"name":"(anonymous_3)","decl":{"start":{"line":53,"column":25},"end":{"line":53,"column":32}},"loc":{"start":{"line":53,"column":39},"end":{"line":63,"column":null}},"line":53}},"branchMap":{"0":{"loc":{"start":{"line":15,"column":8},"end":{"line":16,"column":null}},"type":"if","locations":[{"start":{"line":15,"column":8},"end":{"line":16,"column":null}},{"start":{},"end":{}}],"line":15},"1":{"loc":{"start":{"line":15,"column":12},"end":{"line":15,"column":74}},"type":"binary-expr","locations":[{"start":{"line":15,"column":12},"end":{"line":15,"column":23}},{"start":{"line":15,"column":23},"end":{"line":15,"column":53}},{"start":{"line":15,"column":53},"end":{"line":15,"column":74}}],"line":15},"2":{"loc":{"start":{"line":19,"column":8},"end":{"line":30,"column":null}},"type":"if","locations":[{"start":{"line":19,"column":8},"end":{"line":30,"column":null}},{"start":{"line":25,"column":15},"end":{"line":30,"column":null}}],"line":19},"3":{"loc":{"start":{"line":40,"column":8},"end":{"line":41,"column":null}},"type":"if","locations":[{"start":{"line":40,"column":8},"end":{"line":41,"column":null}},{"start":{},"end":{}}],"line":40},"4":{"loc":{"start":{"line":40,"column":12},"end":{"line":40,"column":43}},"type":"binary-expr","locations":[{"start":{"line":40,"column":12},"end":{"line":40,"column":19}},{"start":{"line":40,"column":19},"end":{"line":40,"column":43}}],"line":40},"5":{"loc":{"start":{"line":54,"column":4},"end":{"line":55,"column":null}},"type":"if","locations":[{"start":{"line":54,"column":4},"end":{"line":55,"column":null}},{"start":{},"end":{}}],"line":54},"6":{"loc":{"start":{"line":54,"column":8},"end":{"line":54,"column":39}},"type":"binary-expr","locations":[{"start":{"line":54,"column":8},"end":{"line":54,"column":15}},{"start":{"line":54,"column":15},"end":{"line":54,"column":39}}],"line":54}},"s":{"0":1,"1":2,"2":2,"3":1,"4":1,"5":1,"6":1,"7":8,"8":8,"9":5,"10":3,"11":1,"12":1,"13":2,"14":1,"15":6,"16":6,"17":1,"18":6,"19":6,"20":4,"21":2,"22":5,"23":5,"24":1,"25":6,"26":4,"27":2,"28":2,"29":1,"30":1,"31":1},"f":{"0":2,"1":8,"2":6,"3":6},"b":{"0":[5,3],"1":[8,6,4],"2":[1,2],"3":[4,2],"4":[6,4],"5":[4,2],"6":[6,4]},"meta":{"lastBranch":7,"lastFunction":4,"lastStatement":32,"seen":{"s:3:30:9:Infinity":0,"f:3:30:3:42":0,"s:4:4:9:Infinity":1,"s:5:24:5:49":2,"s:6:8:6:Infinity":3,"s:8:8:8:Infinity":4,"s:9:8:9:Infinity":5,"s:13:26:34:Infinity":6,"f:13:26:13:33":1,"s:14:4:34:Infinity":7,"b:15:8:16:Infinity:undefined:undefined:undefined:undefined":0,"s:15:8:16:Infinity":8,"b:15:12:15:23:15:23:15:53:15:53:15:74":1,"s:16:12:16:Infinity":9,"b:19:8:30:Infinity:25:15:30:Infinity":2,"s:19:8:30:Infinity":10,"s:20:28:23:14":11,"s:24:12:24:Infinity":12,"s:26:28:29:14":13,"s:30:12:30:Infinity":14,"s:33:8:33:Infinity":15,"s:34:8:34:Infinity":16,"s:38:28:49:Infinity":17,"f:38:28:38:35":2,"s:39:4:49:Infinity":18,"b:40:8:41:Infinity:undefined:undefined:undefined:undefined":3,"s:40:8:41:Infinity":19,"b:40:12:40:19:40:19:40:43":4,"s:41:12:41:Infinity":20,"s:44:8:46:Infinity":21,"s:48:8:48:Infinity":22,"s:49:8:49:Infinity":23,"s:53:25:63:Infinity":24,"f:53:25:53:32":3,"b:54:4:55:Infinity:undefined:undefined:undefined:undefined":5,"s:54:4:55:Infinity":25,"b:54:8:54:15:54:15:54:39":6,"s:55:8:55:Infinity":26,"s:58:4:63:Infinity":27,"s:59:23:59:54":28,"s:60:8:60:Infinity":29,"s:62:8:62:Infinity":30,"s:63:8:63:Infinity":31}}}
}
